[ 2017-04-13T09:18:36+08:00 ] ::1 /demo1/Admin
INFO: [ app_init ] --START--
INFO: Run Behavior\BuildLiteBehavior [ RunTime:0.000000s ]
INFO: [ app_init ] --END-- [ RunTime:0.001000s ]
INFO: [ app_begin ] --START--
INFO: Run Behavior\ReadHtmlCacheBehavior [ RunTime:0.001000s ]
INFO: [ app_begin ] --END-- [ RunTime:0.001000s ]
INFO: [ view_parse ] --START--
INFO: [ template_filter ] --START--
INFO: Run Behavior\ContentReplaceBehavior [ RunTime:0.000000s ]
INFO: [ template_filter ] --END-- [ RunTime:0.000000s ]
NOTIC: [8] Undefined variable: teacher_count D:\fang\XAMPP\htdocs\demo1\Application\Runtime\Cache\Admin\b595b808c2ebeeeb0478ffc30bb4e87a.php 第 246 行.
NOTIC: [8] Undefined variable: school_count D:\fang\XAMPP\htdocs\demo1\Application\Runtime\Cache\Admin\b595b808c2ebeeeb0478ffc30bb4e87a.php 第 253 行.
NOTIC: [8] Undefined variable: curriculum_count D:\fang\XAMPP\htdocs\demo1\Application\Runtime\Cache\Admin\b595b808c2ebeeeb0478ffc30bb4e87a.php 第 260 行.
NOTIC: [8] Undefined variable: student_count D:\fang\XAMPP\htdocs\demo1\Application\Runtime\Cache\Admin\b595b808c2ebeeeb0478ffc30bb4e87a.php 第 267 行.
NOTIC: [8] Undefined variable: newadd_teacher D:\fang\XAMPP\htdocs\demo1\Application\Runtime\Cache\Admin\b595b808c2ebeeeb0478ffc30bb4e87a.php 第 282 行.
NOTIC: [8] Undefined variable: newadd_teacher D:\fang\XAMPP\htdocs\demo1\Application\Runtime\Cache\Admin\b595b808c2ebeeeb0478ffc30bb4e87a.php 第 289 行.
INFO: Run Behavior\ParseTemplateBehavior [ RunTime:0.010001s ]
INFO: [ view_parse ] --END-- [ RunTime:0.010001s ]
INFO: [ view_filter ] --START--
INFO: Run Behavior\WriteHtmlCacheBehavior [ RunTime:0.001000s ]
INFO: [ view_filter ] --END-- [ RunTime:0.001000s ]
INFO: [ app_end ] --START--
INFO: Run Behavior\ShowPageTraceBehavior [ RunTime:0.001000s ]
INFO: [ app_end ] --END-- [ RunTime:0.001000s ]

[ 2017-04-13T09:18:40+08:00 ] ::1 /demo1/index.php/Admin/User/index.html
INFO: [ app_init ] --START--
INFO: Run Behavior\BuildLiteBehavior [ RunTime:0.000000s ]
INFO: [ app_init ] --END-- [ RunTime:0.000000s ]
INFO: [ app_begin ] --START--
INFO: Run Behavior\ReadHtmlCacheBehavior [ RunTime:0.001000s ]
INFO: [ app_begin ] --END-- [ RunTime:0.001000s ]
NOTIC: [8] Undefined index: keywords D:\fang\XAMPP\htdocs\demo1\Application\Admin\Controller\UserController.class.php 第 11 行.
NOTIC: [8] Undefined variable: where D:\fang\XAMPP\htdocs\demo1\Application\Admin\Controller\UserController.class.php 第 15 行.
NOTIC: [8] Undefined variable: where D:\fang\XAMPP\htdocs\demo1\Application\Admin\Controller\UserController.class.php 第 18 行.
INFO: [ view_parse ] --START--
INFO: [ template_filter ] --START--
INFO: Run Behavior\ContentReplaceBehavior [ RunTime:0.000000s ]
INFO: [ template_filter ] --END-- [ RunTime:0.000000s ]
NOTIC: [8] Undefined variable: keywords D:\fang\XAMPP\htdocs\demo1\Application\Runtime\Cache\Admin\65e605872ed5d34210f5b33beb13f5a3.php 第 240 行.
NOTIC: [8] Undefined index: adminjurisdiction D:\fang\XAMPP\htdocs\demo1\Application\Runtime\Cache\Admin\65e605872ed5d34210f5b33beb13f5a3.php 第 250 行.
NOTIC: [8] Undefined index: mobile D:\fang\XAMPP\htdocs\demo1\Application\Runtime\Cache\Admin\65e605872ed5d34210f5b33beb13f5a3.php 第 276 行.
NOTIC: [8] Undefined index: create_time D:\fang\XAMPP\htdocs\demo1\Application\Runtime\Cache\Admin\65e605872ed5d34210f5b33beb13f5a3.php 第 279 行.
NOTIC: [8] Undefined index: lock D:\fang\XAMPP\htdocs\demo1\Application\Runtime\Cache\Admin\65e605872ed5d34210f5b33beb13f5a3.php 第 280 行.
NOTIC: [8] Undefined index: lock D:\fang\XAMPP\htdocs\demo1\Application\Runtime\Cache\Admin\65e605872ed5d34210f5b33beb13f5a3.php 第 280 行.
NOTIC: [8] Undefined index: mobile D:\fang\XAMPP\htdocs\demo1\Application\Runtime\Cache\Admin\65e605872ed5d34210f5b33beb13f5a3.php 第 276 行.
NOTIC: [8] Undefined index: create_time D:\fang\XAMPP\htdocs\demo1\Application\Runtime\Cache\Admin\65e605872ed5d34210f5b33beb13f5a3.php 第 279 行.
NOTIC: [8] Undefined index: lock D:\fang\XAMPP\htdocs\demo1\Application\Runtime\Cache\Admin\65e605872ed5d34210f5b33beb13f5a3.php 第 280 行.
NOTIC: [8] Undefined index: lock D:\fang\XAMPP\htdocs\demo1\Application\Runtime\Cache\Admin\65e605872ed5d34210f5b33beb13f5a3.php 第 280 行.
INFO: Run Behavior\ParseTemplateBehavior [ RunTime:0.009000s ]
INFO: [ view_parse ] --END-- [ RunTime:0.009000s ]
INFO: [ view_filter ] --START--
INFO: Run Behavior\WriteHtmlCacheBehavior [ RunTime:0.000000s ]
INFO: [ view_filter ] --END-- [ RunTime:0.000000s ]
INFO: [ app_end ] --START--
INFO: Run Behavior\ShowPageTraceBehavior [ RunTime:0.001000s ]
INFO: [ app_end ] --END-- [ RunTime:0.001000s ]

[ 2017-04-13T09:18:42+08:00 ] ::1 /demo1/index.php/Admin/News/addnotice.html
INFO: [ app_init ] --START--
INFO: Run Behavior\BuildLiteBehavior [ RunTime:0.000000s ]
INFO: [ app_init ] --END-- [ RunTime:0.000000s ]
INFO: [ app_begin ] --START--
INFO: Run Behavior\ReadHtmlCacheBehavior [ RunTime:0.001000s ]
INFO: [ app_begin ] --END-- [ RunTime:0.001000s ]
NOTIC: [8] Undefined index: id D:\fang\XAMPP\htdocs\demo1\Application\Admin\Controller\NewsController.class.php 第 43 行.
INFO: [ view_parse ] --START--
INFO: [ template_filter ] --START--
INFO: Run Behavior\ContentReplaceBehavior [ RunTime:0.000000s ]
INFO: [ template_filter ] --END-- [ RunTime:0.000000s ]
INFO: Run Behavior\ParseTemplateBehavior [ RunTime:0.012001s ]
INFO: [ view_parse ] --END-- [ RunTime:0.012001s ]
INFO: [ view_filter ] --START--
INFO: Run Behavior\WriteHtmlCacheBehavior [ RunTime:0.001000s ]
INFO: [ view_filter ] --END-- [ RunTime:0.001000s ]
INFO: [ app_end ] --START--
INFO: Run Behavior\ShowPageTraceBehavior [ RunTime:0.001000s ]
INFO: [ app_end ] --END-- [ RunTime:0.001000s ]

[ 2017-04-13T09:18:43+08:00 ] ::1 /demo1/index.php/Admin/News/index.html
INFO: [ app_init ] --START--
INFO: Run Behavior\BuildLiteBehavior [ RunTime:0.000000s ]
INFO: [ app_init ] --END-- [ RunTime:0.001000s ]
INFO: [ app_begin ] --START--
INFO: Run Behavior\ReadHtmlCacheBehavior [ RunTime:0.001000s ]
INFO: [ app_begin ] --END-- [ RunTime:0.001000s ]
NOTIC: [8] Undefined index: title D:\fang\XAMPP\htdocs\demo1\Application\Admin\Controller\NewsController.class.php 第 10 行.
NOTIC: [8] Undefined variable: where D:\fang\XAMPP\htdocs\demo1\Application\Admin\Controller\NewsController.class.php 第 15 行.
NOTIC: [8] Undefined variable: where D:\fang\XAMPP\htdocs\demo1\Application\Admin\Controller\NewsController.class.php 第 18 行.
INFO: [ view_parse ] --START--
INFO: [ template_filter ] --START--
INFO: Run Behavior\ContentReplaceBehavior [ RunTime:0.000000s ]
INFO: [ template_filter ] --END-- [ RunTime:0.000000s ]
NOTIC: [8] Undefined variable: title D:\fang\XAMPP\htdocs\demo1\Application\Runtime\Cache\Admin\36087655c6ab8580337cdc45b35a926d.php 第 240 行.
NOTIC: [8] Undefined index: type D:\fang\XAMPP\htdocs\demo1\Application\Runtime\Cache\Admin\36087655c6ab8580337cdc45b35a926d.php 第 274 行.
NOTIC: [8] Undefined index: type D:\fang\XAMPP\htdocs\demo1\Application\Runtime\Cache\Admin\36087655c6ab8580337cdc45b35a926d.php 第 275 行.
NOTIC: [8] Undefined index: img D:\fang\XAMPP\htdocs\demo1\Application\Runtime\Cache\Admin\36087655c6ab8580337cdc45b35a926d.php 第 292 行.
NOTIC: [8] Undefined index: describe D:\fang\XAMPP\htdocs\demo1\Application\Runtime\Cache\Admin\36087655c6ab8580337cdc45b35a926d.php 第 293 行.
NOTIC: [8] Undefined index: link_url D:\fang\XAMPP\htdocs\demo1\Application\Runtime\Cache\Admin\36087655c6ab8580337cdc45b35a926d.php 第 294 行.
NOTIC: [8] Undefined index: type D:\fang\XAMPP\htdocs\demo1\Application\Runtime\Cache\Admin\36087655c6ab8580337cdc45b35a926d.php 第 274 行.
NOTIC: [8] Undefined index: type D:\fang\XAMPP\htdocs\demo1\Application\Runtime\Cache\Admin\36087655c6ab8580337cdc45b35a926d.php 第 275 行.
NOTIC: [8] Undefined index: img D:\fang\XAMPP\htdocs\demo1\Application\Runtime\Cache\Admin\36087655c6ab8580337cdc45b35a926d.php 第 292 行.
NOTIC: [8] Undefined index: describe D:\fang\XAMPP\htdocs\demo1\Application\Runtime\Cache\Admin\36087655c6ab8580337cdc45b35a926d.php 第 293 行.
NOTIC: [8] Undefined index: link_url D:\fang\XAMPP\htdocs\demo1\Application\Runtime\Cache\Admin\36087655c6ab8580337cdc45b35a926d.php 第 294 行.
NOTIC: [8] Undefined index: type D:\fang\XAMPP\htdocs\demo1\Application\Runtime\Cache\Admin\36087655c6ab8580337cdc45b35a926d.php 第 274 行.
NOTIC: [8] Undefined index: type D:\fang\XAMPP\htdocs\demo1\Application\Runtime\Cache\Admin\36087655c6ab8580337cdc45b35a926d.php 第 275 行.
NOTIC: [8] Undefined index: img D:\fang\XAMPP\htdocs\demo1\Application\Runtime\Cache\Admin\36087655c6ab8580337cdc45b35a926d.php 第 292 行.
NOTIC: [8] Undefined index: describe D:\fang\XAMPP\htdocs\demo1\Application\Runtime\Cache\Admin\36087655c6ab8580337cdc45b35a926d.php 第 293 行.
NOTIC: [8] Undefined index: link_url D:\fang\XAMPP\htdocs\demo1\Application\Runtime\Cache\Admin\36087655c6ab8580337cdc45b35a926d.php 第 294 行.
NOTIC: [8] Undefined index: type D:\fang\XAMPP\htdocs\demo1\Application\Runtime\Cache\Admin\36087655c6ab8580337cdc45b35a926d.php 第 274 行.
NOTIC: [8] Undefined index: type D:\fang\XAMPP\htdocs\demo1\Application\Runtime\Cache\Admin\36087655c6ab8580337cdc45b35a926d.php 第 275 行.
NOTIC: [8] Undefined index: img D:\fang\XAMPP\htdocs\demo1\Application\Runtime\Cache\Admin\36087655c6ab8580337cdc45b35a926d.php 第 292 行.
NOTIC: [8] Undefined index: describe D:\fang\XAMPP\htdocs\demo1\Application\Runtime\Cache\Admin\36087655c6ab8580337cdc45b35a926d.php 第 293 行.
NOTIC: [8] Undefined index: link_url D:\fang\XAMPP\htdocs\demo1\Application\Runtime\Cache\Admin\36087655c6ab8580337cdc45b35a926d.php 第 294 行.
NOTIC: [8] Undefined index: type D:\fang\XAMPP\htdocs\demo1\Application\Runtime\Cache\Admin\36087655c6ab8580337cdc45b35a926d.php 第 274 行.
NOTIC: [8] Undefined index: type D:\fang\XAMPP\htdocs\demo1\Application\Runtime\Cache\Admin\36087655c6ab8580337cdc45b35a926d.php 第 275 行.
NOTIC: [8] Undefined index: img D:\fang\XAMPP\htdocs\demo1\Application\Runtime\Cache\Admin\36087655c6ab8580337cdc45b35a926d.php 第 292 行.
NOTIC: [8] Undefined index: describe D:\fang\XAMPP\htdocs\demo1\Application\Runtime\Cache\Admin\36087655c6ab8580337cdc45b35a926d.php 第 293 行.
NOTIC: [8] Undefined index: link_url D:\fang\XAMPP\htdocs\demo1\Application\Runtime\Cache\Admin\36087655c6ab8580337cdc45b35a926d.php 第 294 行.
NOTIC: [8] Undefined index: type D:\fang\XAMPP\htdocs\demo1\Application\Runtime\Cache\Admin\36087655c6ab8580337cdc45b35a926d.php 第 274 行.
NOTIC: [8] Undefined index: type D:\fang\XAMPP\htdocs\demo1\Application\Runtime\Cache\Admin\36087655c6ab8580337cdc45b35a926d.php 第 275 行.
NOTIC: [8] Undefined index: img D:\fang\XAMPP\htdocs\demo1\Application\Runtime\Cache\Admin\36087655c6ab8580337cdc45b35a926d.php 第 292 行.
NOTIC: [8] Undefined index: describe D:\fang\XAMPP\htdocs\demo1\Application\Runtime\Cache\Admin\36087655c6ab8580337cdc45b35a926d.php 第 293 行.
NOTIC: [8] Undefined index: link_url D:\fang\XAMPP\htdocs\demo1\Application\Runtime\Cache\Admin\36087655c6ab8580337cdc45b35a926d.php 第 294 行.
NOTIC: [8] Undefined index: type D:\fang\XAMPP\htdocs\demo1\Application\Runtime\Cache\Admin\36087655c6ab8580337cdc45b35a926d.php 第 274 行.
NOTIC: [8] Undefined index: type D:\fang\XAMPP\htdocs\demo1\Application\Runtime\Cache\Admin\36087655c6ab8580337cdc45b35a926d.php 第 275 行.
NOTIC: [8] Undefined index: img D:\fang\XAMPP\htdocs\demo1\Application\Runtime\Cache\Admin\36087655c6ab8580337cdc45b35a926d.php 第 292 行.
NOTIC: [8] Undefined index: describe D:\fang\XAMPP\htdocs\demo1\Application\Runtime\Cache\Admin\36087655c6ab8580337cdc45b35a926d.php 第 293 行.
NOTIC: [8] Undefined index: link_url D:\fang\XAMPP\htdocs\demo1\Application\Runtime\Cache\Admin\36087655c6ab8580337cdc45b35a926d.php 第 294 行.
INFO: Run Behavior\ParseTemplateBehavior [ RunTime:0.011001s ]
INFO: [ view_parse ] --END-- [ RunTime:0.011001s ]
INFO: [ view_filter ] --START--
INFO: Run Behavior\WriteHtmlCacheBehavior [ RunTime:0.000000s ]
INFO: [ view_filter ] --END-- [ RunTime:0.000000s ]
INFO: [ app_end ] --START--
INFO: Run Behavior\ShowPageTraceBehavior [ RunTime:0.000000s ]
INFO: [ app_end ] --END-- [ RunTime:0.000000s ]

[ 2017-04-13T09:19:29+08:00 ] ::1 /demo1/index.php/Admin/News/index.html
INFO: [ app_init ] --START--
INFO: Run Behavior\BuildLiteBehavior [ RunTime:0.000000s ]
INFO: [ app_init ] --END-- [ RunTime:0.001000s ]
INFO: [ app_begin ] --START--
INFO: Run Behavior\ReadHtmlCacheBehavior [ RunTime:0.001000s ]
INFO: [ app_begin ] --END-- [ RunTime:0.001000s ]
NOTIC: [8] Undefined index: title D:\fang\XAMPP\htdocs\demo1\Application\Admin\Controller\NewsController.class.php 第 10 行.
NOTIC: [8] Undefined variable: where D:\fang\XAMPP\htdocs\demo1\Application\Admin\Controller\NewsController.class.php 第 15 行.
NOTIC: [8] Undefined variable: where D:\fang\XAMPP\htdocs\demo1\Application\Admin\Controller\NewsController.class.php 第 18 行.
INFO: [ view_parse ] --START--
INFO: [ template_filter ] --START--
INFO: Run Behavior\ContentReplaceBehavior [ RunTime:0.000000s ]
INFO: [ template_filter ] --END-- [ RunTime:0.000000s ]
NOTIC: [8] Undefined variable: title D:\fang\XAMPP\htdocs\demo1\Application\Runtime\Cache\Admin\36087655c6ab8580337cdc45b35a926d.php 第 240 行.
NOTIC: [8] Undefined index: type D:\fang\XAMPP\htdocs\demo1\Application\Runtime\Cache\Admin\36087655c6ab8580337cdc45b35a926d.php 第 274 行.
NOTIC: [8] Undefined index: type D:\fang\XAMPP\htdocs\demo1\Application\Runtime\Cache\Admin\36087655c6ab8580337cdc45b35a926d.php 第 275 行.
NOTIC: [8] Undefined index: img D:\fang\XAMPP\htdocs\demo1\Application\Runtime\Cache\Admin\36087655c6ab8580337cdc45b35a926d.php 第 292 行.
NOTIC: [8] Undefined index: describe D:\fang\XAMPP\htdocs\demo1\Application\Runtime\Cache\Admin\36087655c6ab8580337cdc45b35a926d.php 第 293 行.
NOTIC: [8] Undefined index: link_url D:\fang\XAMPP\htdocs\demo1\Application\Runtime\Cache\Admin\36087655c6ab8580337cdc45b35a926d.php 第 294 行.
NOTIC: [8] Undefined index: type D:\fang\XAMPP\htdocs\demo1\Application\Runtime\Cache\Admin\36087655c6ab8580337cdc45b35a926d.php 第 274 行.
NOTIC: [8] Undefined index: type D:\fang\XAMPP\htdocs\demo1\Application\Runtime\Cache\Admin\36087655c6ab8580337cdc45b35a926d.php 第 275 行.
NOTIC: [8] Undefined index: img D:\fang\XAMPP\htdocs\demo1\Application\Runtime\Cache\Admin\36087655c6ab8580337cdc45b35a926d.php 第 292 行.
NOTIC: [8] Undefined index: describe D:\fang\XAMPP\htdocs\demo1\Application\Runtime\Cache\Admin\36087655c6ab8580337cdc45b35a926d.php 第 293 行.
NOTIC: [8] Undefined index: link_url D:\fang\XAMPP\htdocs\demo1\Application\Runtime\Cache\Admin\36087655c6ab8580337cdc45b35a926d.php 第 294 行.
NOTIC: [8] Undefined index: type D:\fang\XAMPP\htdocs\demo1\Application\Runtime\Cache\Admin\36087655c6ab8580337cdc45b35a926d.php 第 274 行.
NOTIC: [8] Undefined index: type D:\fang\XAMPP\htdocs\demo1\Application\Runtime\Cache\Admin\36087655c6ab8580337cdc45b35a926d.php 第 275 行.
NOTIC: [8] Undefined index: img D:\fang\XAMPP\htdocs\demo1\Application\Runtime\Cache\Admin\36087655c6ab8580337cdc45b35a926d.php 第 292 行.
NOTIC: [8] Undefined index: describe D:\fang\XAMPP\htdocs\demo1\Application\Runtime\Cache\Admin\36087655c6ab8580337cdc45b35a926d.php 第 293 行.
NOTIC: [8] Undefined index: link_url D:\fang\XAMPP\htdocs\demo1\Application\Runtime\Cache\Admin\36087655c6ab8580337cdc45b35a926d.php 第 294 行.
NOTIC: [8] Undefined index: type D:\fang\XAMPP\htdocs\demo1\Application\Runtime\Cache\Admin\36087655c6ab8580337cdc45b35a926d.php 第 274 行.
NOTIC: [8] Undefined index: type D:\fang\XAMPP\htdocs\demo1\Application\Runtime\Cache\Admin\36087655c6ab8580337cdc45b35a926d.php 第 275 行.
NOTIC: [8] Undefined index: img D:\fang\XAMPP\htdocs\demo1\Application\Runtime\Cache\Admin\36087655c6ab8580337cdc45b35a926d.php 第 292 行.
NOTIC: [8] Undefined index: describe D:\fang\XAMPP\htdocs\demo1\Application\Runtime\Cache\Admin\36087655c6ab8580337cdc45b35a926d.php 第 293 行.
NOTIC: [8] Undefined index: link_url D:\fang\XAMPP\htdocs\demo1\Application\Runtime\Cache\Admin\36087655c6ab8580337cdc45b35a926d.php 第 294 行.
NOTIC: [8] Undefined index: type D:\fang\XAMPP\htdocs\demo1\Application\Runtime\Cache\Admin\36087655c6ab8580337cdc45b35a926d.php 第 274 行.
NOTIC: [8] Undefined index: type D:\fang\XAMPP\htdocs\demo1\Application\Runtime\Cache\Admin\36087655c6ab8580337cdc45b35a926d.php 第 275 行.
NOTIC: [8] Undefined index: img D:\fang\XAMPP\htdocs\demo1\Application\Runtime\Cache\Admin\36087655c6ab8580337cdc45b35a926d.php 第 292 行.
NOTIC: [8] Undefined index: describe D:\fang\XAMPP\htdocs\demo1\Application\Runtime\Cache\Admin\36087655c6ab8580337cdc45b35a926d.php 第 293 行.
NOTIC: [8] Undefined index: link_url D:\fang\XAMPP\htdocs\demo1\Application\Runtime\Cache\Admin\36087655c6ab8580337cdc45b35a926d.php 第 294 行.
NOTIC: [8] Undefined index: type D:\fang\XAMPP\htdocs\demo1\Application\Runtime\Cache\Admin\36087655c6ab8580337cdc45b35a926d.php 第 274 行.
NOTIC: [8] Undefined index: type D:\fang\XAMPP\htdocs\demo1\Application\Runtime\Cache\Admin\36087655c6ab8580337cdc45b35a926d.php 第 275 行.
NOTIC: [8] Undefined index: img D:\fang\XAMPP\htdocs\demo1\Application\Runtime\Cache\Admin\36087655c6ab8580337cdc45b35a926d.php 第 292 行.
NOTIC: [8] Undefined index: describe D:\fang\XAMPP\htdocs\demo1\Application\Runtime\Cache\Admin\36087655c6ab8580337cdc45b35a926d.php 第 293 行.
NOTIC: [8] Undefined index: link_url D:\fang\XAMPP\htdocs\demo1\Application\Runtime\Cache\Admin\36087655c6ab8580337cdc45b35a926d.php 第 294 行.
NOTIC: [8] Undefined index: type D:\fang\XAMPP\htdocs\demo1\Application\Runtime\Cache\Admin\36087655c6ab8580337cdc45b35a926d.php 第 274 行.
NOTIC: [8] Undefined index: type D:\fang\XAMPP\htdocs\demo1\Application\Runtime\Cache\Admin\36087655c6ab8580337cdc45b35a926d.php 第 275 行.
NOTIC: [8] Undefined index: img D:\fang\XAMPP\htdocs\demo1\Application\Runtime\Cache\Admin\36087655c6ab8580337cdc45b35a926d.php 第 292 行.
NOTIC: [8] Undefined index: describe D:\fang\XAMPP\htdocs\demo1\Application\Runtime\Cache\Admin\36087655c6ab8580337cdc45b35a926d.php 第 293 行.
NOTIC: [8] Undefined index: link_url D:\fang\XAMPP\htdocs\demo1\Application\Runtime\Cache\Admin\36087655c6ab8580337cdc45b35a926d.php 第 294 行.
INFO: Run Behavior\ParseTemplateBehavior [ RunTime:0.009001s ]
INFO: [ view_parse ] --END-- [ RunTime:0.009001s ]
INFO: [ view_filter ] --START--
INFO: Run Behavior\WriteHtmlCacheBehavior [ RunTime:0.000000s ]
INFO: [ view_filter ] --END-- [ RunTime:0.000000s ]
INFO: [ app_end ] --START--
INFO: Run Behavior\ShowPageTraceBehavior [ RunTime:0.001000s ]
INFO: [ app_end ] --END-- [ RunTime:0.001000s ]

[ 2017-04-13T09:19:30+08:00 ] ::1 /demo1/index.php/Admin/User/index.html
INFO: [ app_init ] --START--
INFO: Run Behavior\BuildLiteBehavior [ RunTime:0.001000s ]
INFO: [ app_init ] --END-- [ RunTime:0.001000s ]
INFO: [ app_begin ] --START--
INFO: Run Behavior\ReadHtmlCacheBehavior [ RunTime:0.001000s ]
INFO: [ app_begin ] --END-- [ RunTime:0.001000s ]
NOTIC: [8] Undefined index: keywords D:\fang\XAMPP\htdocs\demo1\Application\Admin\Controller\UserController.class.php 第 11 行.
NOTIC: [8] Undefined variable: where D:\fang\XAMPP\htdocs\demo1\Application\Admin\Controller\UserController.class.php 第 15 行.
NOTIC: [8] Undefined variable: where D:\fang\XAMPP\htdocs\demo1\Application\Admin\Controller\UserController.class.php 第 18 行.
INFO: [ view_parse ] --START--
INFO: [ template_filter ] --START--
INFO: Run Behavior\ContentReplaceBehavior [ RunTime:0.000000s ]
INFO: [ template_filter ] --END-- [ RunTime:0.000000s ]
NOTIC: [8] Undefined variable: keywords D:\fang\XAMPP\htdocs\demo1\Application\Runtime\Cache\Admin\65e605872ed5d34210f5b33beb13f5a3.php 第 240 行.
NOTIC: [8] Undefined index: adminjurisdiction D:\fang\XAMPP\htdocs\demo1\Application\Runtime\Cache\Admin\65e605872ed5d34210f5b33beb13f5a3.php 第 250 行.
NOTIC: [8] Undefined index: mobile D:\fang\XAMPP\htdocs\demo1\Application\Runtime\Cache\Admin\65e605872ed5d34210f5b33beb13f5a3.php 第 276 行.
NOTIC: [8] Undefined index: create_time D:\fang\XAMPP\htdocs\demo1\Application\Runtime\Cache\Admin\65e605872ed5d34210f5b33beb13f5a3.php 第 279 行.
NOTIC: [8] Undefined index: lock D:\fang\XAMPP\htdocs\demo1\Application\Runtime\Cache\Admin\65e605872ed5d34210f5b33beb13f5a3.php 第 280 行.
NOTIC: [8] Undefined index: lock D:\fang\XAMPP\htdocs\demo1\Application\Runtime\Cache\Admin\65e605872ed5d34210f5b33beb13f5a3.php 第 280 行.
INFO: Run Behavior\ParseTemplateBehavior [ RunTime:0.015001s ]
INFO: [ view_parse ] --END-- [ RunTime:0.015001s ]
INFO: [ view_filter ] --START--
INFO: Run Behavior\WriteHtmlCacheBehavior [ RunTime:0.000000s ]
INFO: [ view_filter ] --END-- [ RunTime:0.000000s ]
INFO: [ app_end ] --START--
INFO: Run Behavior\ShowPageTraceBehavior [ RunTime:0.001000s ]
INFO: [ app_end ] --END-- [ RunTime:0.001000s ]

[ 2017-04-13T09:19:44+08:00 ] ::1 /demo1/index.php/Admin/User/index.html
INFO: [ app_init ] --START--
INFO: Run Behavior\BuildLiteBehavior [ RunTime:0.000000s ]
INFO: [ app_init ] --END-- [ RunTime:0.001000s ]
INFO: [ app_begin ] --START--
INFO: Run Behavior\ReadHtmlCacheBehavior [ RunTime:0.001000s ]
INFO: [ app_begin ] --END-- [ RunTime:0.001000s ]
NOTIC: [8] Undefined index: keywords D:\fang\XAMPP\htdocs\demo1\Application\Admin\Controller\UserController.class.php 第 11 行.
NOTIC: [8] Undefined variable: where D:\fang\XAMPP\htdocs\demo1\Application\Admin\Controller\UserController.class.php 第 15 行.
NOTIC: [8] Undefined variable: where D:\fang\XAMPP\htdocs\demo1\Application\Admin\Controller\UserController.class.php 第 18 行.
INFO: [ view_parse ] --START--
INFO: [ template_filter ] --START--
INFO: Run Behavior\ContentReplaceBehavior [ RunTime:0.000000s ]
INFO: [ template_filter ] --END-- [ RunTime:0.000000s ]
NOTIC: [8] Undefined variable: keywords D:\fang\XAMPP\htdocs\demo1\Application\Runtime\Cache\Admin\65e605872ed5d34210f5b33beb13f5a3.php 第 240 行.
NOTIC: [8] Undefined index: adminjurisdiction D:\fang\XAMPP\htdocs\demo1\Application\Runtime\Cache\Admin\65e605872ed5d34210f5b33beb13f5a3.php 第 250 行.
NOTIC: [8] Undefined index: mobile D:\fang\XAMPP\htdocs\demo1\Application\Runtime\Cache\Admin\65e605872ed5d34210f5b33beb13f5a3.php 第 276 行.
NOTIC: [8] Undefined index: create_time D:\fang\XAMPP\htdocs\demo1\Application\Runtime\Cache\Admin\65e605872ed5d34210f5b33beb13f5a3.php 第 279 行.
NOTIC: [8] Undefined index: lock D:\fang\XAMPP\htdocs\demo1\Application\Runtime\Cache\Admin\65e605872ed5d34210f5b33beb13f5a3.php 第 280 行.
NOTIC: [8] Undefined index: lock D:\fang\XAMPP\htdocs\demo1\Application\Runtime\Cache\Admin\65e605872ed5d34210f5b33beb13f5a3.php 第 280 行.
INFO: Run Behavior\ParseTemplateBehavior [ RunTime:0.014001s ]
INFO: [ view_parse ] --END-- [ RunTime:0.014001s ]
INFO: [ view_filter ] --START--
INFO: Run Behavior\WriteHtmlCacheBehavior [ RunTime:0.000000s ]
INFO: [ view_filter ] --END-- [ RunTime:0.000000s ]
INFO: [ app_end ] --START--
INFO: Run Behavior\ShowPageTraceBehavior [ RunTime:0.001000s ]
INFO: [ app_end ] --END-- [ RunTime:0.001000s ]

[ 2017-04-13T09:19:50+08:00 ] ::1 /demo1/index.php/Admin/User/index/p/2.html
INFO: [ app_init ] --START--
INFO: Run Behavior\BuildLiteBehavior [ RunTime:0.000000s ]
INFO: [ app_init ] --END-- [ RunTime:0.000000s ]
INFO: [ app_begin ] --START--
INFO: Run Behavior\ReadHtmlCacheBehavior [ RunTime:0.001000s ]
INFO: [ app_begin ] --END-- [ RunTime:0.001000s ]
NOTIC: [8] Undefined index: keywords D:\fang\XAMPP\htdocs\demo1\Application\Admin\Controller\UserController.class.php 第 11 行.
NOTIC: [8] Undefined variable: where D:\fang\XAMPP\htdocs\demo1\Application\Admin\Controller\UserController.class.php 第 15 行.
NOTIC: [8] Undefined variable: where D:\fang\XAMPP\htdocs\demo1\Application\Admin\Controller\UserController.class.php 第 18 行.
INFO: [ view_parse ] --START--
INFO: [ template_filter ] --START--
INFO: Run Behavior\ContentReplaceBehavior [ RunTime:0.000000s ]
INFO: [ template_filter ] --END-- [ RunTime:0.000000s ]
NOTIC: [8] Undefined variable: keywords D:\fang\XAMPP\htdocs\demo1\Application\Runtime\Cache\Admin\65e605872ed5d34210f5b33beb13f5a3.php 第 240 行.
NOTIC: [8] Undefined index: adminjurisdiction D:\fang\XAMPP\htdocs\demo1\Application\Runtime\Cache\Admin\65e605872ed5d34210f5b33beb13f5a3.php 第 250 行.
NOTIC: [8] Undefined index: mobile D:\fang\XAMPP\htdocs\demo1\Application\Runtime\Cache\Admin\65e605872ed5d34210f5b33beb13f5a3.php 第 276 行.
NOTIC: [8] Undefined index: create_time D:\fang\XAMPP\htdocs\demo1\Application\Runtime\Cache\Admin\65e605872ed5d34210f5b33beb13f5a3.php 第 279 行.
NOTIC: [8] Undefined index: lock D:\fang\XAMPP\htdocs\demo1\Application\Runtime\Cache\Admin\65e605872ed5d34210f5b33beb13f5a3.php 第 280 行.
NOTIC: [8] Undefined index: lock D:\fang\XAMPP\htdocs\demo1\Application\Runtime\Cache\Admin\65e605872ed5d34210f5b33beb13f5a3.php 第 280 行.
INFO: Run Behavior\ParseTemplateBehavior [ RunTime:0.007000s ]
INFO: [ view_parse ] --END-- [ RunTime:0.007000s ]
INFO: [ view_filter ] --START--
INFO: Run Behavior\WriteHtmlCacheBehavior [ RunTime:0.001000s ]
INFO: [ view_filter ] --END-- [ RunTime:0.001000s ]
INFO: [ app_end ] --START--
INFO: Run Behavior\ShowPageTraceBehavior [ RunTime:0.000000s ]
INFO: [ app_end ] --END-- [ RunTime:0.000000s ]

[ 2017-04-13T09:19:52+08:00 ] ::1 /demo1/index.php/Admin/User/index/p/1.html
INFO: [ app_init ] --START--
INFO: Run Behavior\BuildLiteBehavior [ RunTime:0.000000s ]
INFO: [ app_init ] --END-- [ RunTime:0.001000s ]
INFO: [ app_begin ] --START--
INFO: Run Behavior\ReadHtmlCacheBehavior [ RunTime:0.001000s ]
INFO: [ app_begin ] --END-- [ RunTime:0.001000s ]
NOTIC: [8] Undefined index: keywords D:\fang\XAMPP\htdocs\demo1\Application\Admin\Controller\UserController.class.php 第 11 行.
NOTIC: [8] Undefined variable: where D:\fang\XAMPP\htdocs\demo1\Application\Admin\Controller\UserController.class.php 第 15 行.
NOTIC: [8] Undefined variable: where D:\fang\XAMPP\htdocs\demo1\Application\Admin\Controller\UserController.class.php 第 18 行.
INFO: [ view_parse ] --START--
INFO: [ template_filter ] --START--
INFO: Run Behavior\ContentReplaceBehavior [ RunTime:0.000000s ]
INFO: [ template_filter ] --END-- [ RunTime:0.000000s ]
NOTIC: [8] Undefined variable: keywords D:\fang\XAMPP\htdocs\demo1\Application\Runtime\Cache\Admin\65e605872ed5d34210f5b33beb13f5a3.php 第 240 行.
NOTIC: [8] Undefined index: adminjurisdiction D:\fang\XAMPP\htdocs\demo1\Application\Runtime\Cache\Admin\65e605872ed5d34210f5b33beb13f5a3.php 第 250 行.
NOTIC: [8] Undefined index: mobile D:\fang\XAMPP\htdocs\demo1\Application\Runtime\Cache\Admin\65e605872ed5d34210f5b33beb13f5a3.php 第 276 行.
NOTIC: [8] Undefined index: create_time D:\fang\XAMPP\htdocs\demo1\Application\Runtime\Cache\Admin\65e605872ed5d34210f5b33beb13f5a3.php 第 279 行.
NOTIC: [8] Undefined index: lock D:\fang\XAMPP\htdocs\demo1\Application\Runtime\Cache\Admin\65e605872ed5d34210f5b33beb13f5a3.php 第 280 行.
NOTIC: [8] Undefined index: lock D:\fang\XAMPP\htdocs\demo1\Application\Runtime\Cache\Admin\65e605872ed5d34210f5b33beb13f5a3.php 第 280 行.
INFO: Run Behavior\ParseTemplateBehavior [ RunTime:0.007001s ]
INFO: [ view_parse ] --END-- [ RunTime:0.007001s ]
INFO: [ view_filter ] --START--
INFO: Run Behavior\WriteHtmlCacheBehavior [ RunTime:0.000000s ]
INFO: [ view_filter ] --END-- [ RunTime:0.000000s ]
INFO: [ app_end ] --START--
INFO: Run Behavior\ShowPageTraceBehavior [ RunTime:0.000000s ]
INFO: [ app_end ] --END-- [ RunTime:0.000000s ]

[ 2017-04-13T09:19:54+08:00 ] ::1 /demo1/index.php/Admin/User/index/p/2.html
INFO: [ app_init ] --START--
INFO: Run Behavior\BuildLiteBehavior [ RunTime:0.000000s ]
INFO: [ app_init ] --END-- [ RunTime:0.001000s ]
INFO: [ app_begin ] --START--
INFO: Run Behavior\ReadHtmlCacheBehavior [ RunTime:0.001001s ]
INFO: [ app_begin ] --END-- [ RunTime:0.001001s ]
NOTIC: [8] Undefined index: keywords D:\fang\XAMPP\htdocs\demo1\Application\Admin\Controller\UserController.class.php 第 11 行.
NOTIC: [8] Undefined variable: where D:\fang\XAMPP\htdocs\demo1\Application\Admin\Controller\UserController.class.php 第 15 行.
NOTIC: [8] Undefined variable: where D:\fang\XAMPP\htdocs\demo1\Application\Admin\Controller\UserController.class.php 第 18 行.
INFO: [ view_parse ] --START--
INFO: [ template_filter ] --START--
INFO: Run Behavior\ContentReplaceBehavior [ RunTime:0.000000s ]
INFO: [ template_filter ] --END-- [ RunTime:0.000000s ]
NOTIC: [8] Undefined variable: keywords D:\fang\XAMPP\htdocs\demo1\Application\Runtime\Cache\Admin\65e605872ed5d34210f5b33beb13f5a3.php 第 240 行.
NOTIC: [8] Undefined index: adminjurisdiction D:\fang\XAMPP\htdocs\demo1\Application\Runtime\Cache\Admin\65e605872ed5d34210f5b33beb13f5a3.php 第 250 行.
NOTIC: [8] Undefined index: mobile D:\fang\XAMPP\htdocs\demo1\Application\Runtime\Cache\Admin\65e605872ed5d34210f5b33beb13f5a3.php 第 276 行.
NOTIC: [8] Undefined index: create_time D:\fang\XAMPP\htdocs\demo1\Application\Runtime\Cache\Admin\65e605872ed5d34210f5b33beb13f5a3.php 第 279 行.
NOTIC: [8] Undefined index: lock D:\fang\XAMPP\htdocs\demo1\Application\Runtime\Cache\Admin\65e605872ed5d34210f5b33beb13f5a3.php 第 280 行.
NOTIC: [8] Undefined index: lock D:\fang\XAMPP\htdocs\demo1\Application\Runtime\Cache\Admin\65e605872ed5d34210f5b33beb13f5a3.php 第 280 行.
INFO: Run Behavior\ParseTemplateBehavior [ RunTime:0.014000s ]
INFO: [ view_parse ] --END-- [ RunTime:0.014000s ]
INFO: [ view_filter ] --START--
INFO: Run Behavior\WriteHtmlCacheBehavior [ RunTime:0.001000s ]
INFO: [ view_filter ] --END-- [ RunTime:0.001000s ]
INFO: [ app_end ] --START--
INFO: Run Behavior\ShowPageTraceBehavior [ RunTime:0.001000s ]
INFO: [ app_end ] --END-- [ RunTime:0.001000s ]

[ 2017-04-13T09:19:57+08:00 ] ::1 /demo1/index.php/Admin/User/index/p/1.html
INFO: [ app_init ] --START--
INFO: Run Behavior\BuildLiteBehavior [ RunTime:0.000000s ]
INFO: [ app_init ] --END-- [ RunTime:0.001000s ]
INFO: [ app_begin ] --START--
INFO: Run Behavior\ReadHtmlCacheBehavior [ RunTime:0.001000s ]
INFO: [ app_begin ] --END-- [ RunTime:0.001000s ]
NOTIC: [8] Undefined index: keywords D:\fang\XAMPP\htdocs\demo1\Application\Admin\Controller\UserController.class.php 第 11 行.
NOTIC: [8] Undefined variable: where D:\fang\XAMPP\htdocs\demo1\Application\Admin\Controller\UserController.class.php 第 15 行.
NOTIC: [8] Undefined variable: where D:\fang\XAMPP\htdocs\demo1\Application\Admin\Controller\UserController.class.php 第 18 行.
INFO: [ view_parse ] --START--
INFO: [ template_filter ] --START--
INFO: Run Behavior\ContentReplaceBehavior [ RunTime:0.000000s ]
INFO: [ template_filter ] --END-- [ RunTime:0.000000s ]
NOTIC: [8] Undefined variable: keywords D:\fang\XAMPP\htdocs\demo1\Application\Runtime\Cache\Admin\65e605872ed5d34210f5b33beb13f5a3.php 第 240 行.
NOTIC: [8] Undefined index: adminjurisdiction D:\fang\XAMPP\htdocs\demo1\Application\Runtime\Cache\Admin\65e605872ed5d34210f5b33beb13f5a3.php 第 250 行.
NOTIC: [8] Undefined index: mobile D:\fang\XAMPP\htdocs\demo1\Application\Runtime\Cache\Admin\65e605872ed5d34210f5b33beb13f5a3.php 第 276 行.
NOTIC: [8] Undefined index: create_time D:\fang\XAMPP\htdocs\demo1\Application\Runtime\Cache\Admin\65e605872ed5d34210f5b33beb13f5a3.php 第 279 行.
NOTIC: [8] Undefined index: lock D:\fang\XAMPP\htdocs\demo1\Application\Runtime\Cache\Admin\65e605872ed5d34210f5b33beb13f5a3.php 第 280 行.
NOTIC: [8] Undefined index: lock D:\fang\XAMPP\htdocs\demo1\Application\Runtime\Cache\Admin\65e605872ed5d34210f5b33beb13f5a3.php 第 280 行.
INFO: Run Behavior\ParseTemplateBehavior [ RunTime:0.012001s ]
INFO: [ view_parse ] --END-- [ RunTime:0.012001s ]
INFO: [ view_filter ] --START--
INFO: Run Behavior\WriteHtmlCacheBehavior [ RunTime:0.001000s ]
INFO: [ view_filter ] --END-- [ RunTime:0.001000s ]
INFO: [ app_end ] --START--
INFO: Run Behavior\ShowPageTraceBehavior [ RunTime:0.001000s ]
INFO: [ app_end ] --END-- [ RunTime:0.001000s ]

[ 2017-04-13T09:19:58+08:00 ] ::1 /demo1/index.php/Admin/User/index/p/2.html
INFO: [ app_init ] --START--
INFO: Run Behavior\BuildLiteBehavior [ RunTime:0.000000s ]
INFO: [ app_init ] --END-- [ RunTime:0.001000s ]
INFO: [ app_begin ] --START--
INFO: Run Behavior\ReadHtmlCacheBehavior [ RunTime:0.001000s ]
INFO: [ app_begin ] --END-- [ RunTime:0.001000s ]
NOTIC: [8] Undefined index: keywords D:\fang\XAMPP\htdocs\demo1\Application\Admin\Controller\UserController.class.php 第 11 行.
NOTIC: [8] Undefined variable: where D:\fang\XAMPP\htdocs\demo1\Application\Admin\Controller\UserController.class.php 第 15 行.
NOTIC: [8] Undefined variable: where D:\fang\XAMPP\htdocs\demo1\Application\Admin\Controller\UserController.class.php 第 18 行.
INFO: [ view_parse ] --START--
INFO: [ template_filter ] --START--
INFO: Run Behavior\ContentReplaceBehavior [ RunTime:0.000000s ]
INFO: [ template_filter ] --END-- [ RunTime:0.000000s ]
NOTIC: [8] Undefined variable: keywords D:\fang\XAMPP\htdocs\demo1\Application\Runtime\Cache\Admin\65e605872ed5d34210f5b33beb13f5a3.php 第 240 行.
NOTIC: [8] Undefined index: adminjurisdiction D:\fang\XAMPP\htdocs\demo1\Application\Runtime\Cache\Admin\65e605872ed5d34210f5b33beb13f5a3.php 第 250 行.
NOTIC: [8] Undefined index: mobile D:\fang\XAMPP\htdocs\demo1\Application\Runtime\Cache\Admin\65e605872ed5d34210f5b33beb13f5a3.php 第 276 行.
NOTIC: [8] Undefined index: create_time D:\fang\XAMPP\htdocs\demo1\Application\Runtime\Cache\Admin\65e605872ed5d34210f5b33beb13f5a3.php 第 279 行.
NOTIC: [8] Undefined index: lock D:\fang\XAMPP\htdocs\demo1\Application\Runtime\Cache\Admin\65e605872ed5d34210f5b33beb13f5a3.php 第 280 行.
NOTIC: [8] Undefined index: lock D:\fang\XAMPP\htdocs\demo1\Application\Runtime\Cache\Admin\65e605872ed5d34210f5b33beb13f5a3.php 第 280 行.
INFO: Run Behavior\ParseTemplateBehavior [ RunTime:0.014001s ]
INFO: [ view_parse ] --END-- [ RunTime:0.014001s ]
INFO: [ view_filter ] --START--
INFO: Run Behavior\WriteHtmlCacheBehavior [ RunTime:0.001000s ]
INFO: [ view_filter ] --END-- [ RunTime:0.001000s ]
INFO: [ app_end ] --START--
INFO: Run Behavior\ShowPageTraceBehavior [ RunTime:0.001000s ]
INFO: [ app_end ] --END-- [ RunTime:0.001000s ]

[ 2017-04-13T09:19:58+08:00 ] ::1 /demo1/index.php/Admin/User/index/p/1.html
INFO: [ app_init ] --START--
INFO: Run Behavior\BuildLiteBehavior [ RunTime:0.000000s ]
INFO: [ app_init ] --END-- [ RunTime:0.001001s ]
INFO: [ app_begin ] --START--
INFO: Run Behavior\ReadHtmlCacheBehavior [ RunTime:0.001000s ]
INFO: [ app_begin ] --END-- [ RunTime:0.001000s ]
NOTIC: [8] Undefined index: keywords D:\fang\XAMPP\htdocs\demo1\Application\Admin\Controller\UserController.class.php 第 11 行.
NOTIC: [8] Undefined variable: where D:\fang\XAMPP\htdocs\demo1\Application\Admin\Controller\UserController.class.php 第 15 行.
NOTIC: [8] Undefined variable: where D:\fang\XAMPP\htdocs\demo1\Application\Admin\Controller\UserController.class.php 第 18 行.
INFO: [ view_parse ] --START--
INFO: [ template_filter ] --START--
INFO: Run Behavior\ContentReplaceBehavior [ RunTime:0.000000s ]
INFO: [ template_filter ] --END-- [ RunTime:0.000000s ]
NOTIC: [8] Undefined variable: keywords D:\fang\XAMPP\htdocs\demo1\Application\Runtime\Cache\Admin\65e605872ed5d34210f5b33beb13f5a3.php 第 240 行.
NOTIC: [8] Undefined index: adminjurisdiction D:\fang\XAMPP\htdocs\demo1\Application\Runtime\Cache\Admin\65e605872ed5d34210f5b33beb13f5a3.php 第 250 行.
NOTIC: [8] Undefined index: mobile D:\fang\XAMPP\htdocs\demo1\Application\Runtime\Cache\Admin\65e605872ed5d34210f5b33beb13f5a3.php 第 276 行.
NOTIC: [8] Undefined index: create_time D:\fang\XAMPP\htdocs\demo1\Application\Runtime\Cache\Admin\65e605872ed5d34210f5b33beb13f5a3.php 第 279 行.
NOTIC: [8] Undefined index: lock D:\fang\XAMPP\htdocs\demo1\Application\Runtime\Cache\Admin\65e605872ed5d34210f5b33beb13f5a3.php 第 280 行.
NOTIC: [8] Undefined index: lock D:\fang\XAMPP\htdocs\demo1\Application\Runtime\Cache\Admin\65e605872ed5d34210f5b33beb13f5a3.php 第 280 行.
INFO: Run Behavior\ParseTemplateBehavior [ RunTime:0.014000s ]
INFO: [ view_parse ] --END-- [ RunTime:0.014000s ]
INFO: [ view_filter ] --START--
INFO: Run Behavior\WriteHtmlCacheBehavior [ RunTime:0.000000s ]
INFO: [ view_filter ] --END-- [ RunTime:0.001000s ]
INFO: [ app_end ] --START--
INFO: Run Behavior\ShowPageTraceBehavior [ RunTime:0.001000s ]
INFO: [ app_end ] --END-- [ RunTime:0.001000s ]

[ 2017-04-13T09:19:59+08:00 ] ::1 /demo1/index.php/Admin/User/index/p/2.html
INFO: [ app_init ] --START--
INFO: Run Behavior\BuildLiteBehavior [ RunTime:0.000000s ]
INFO: [ app_init ] --END-- [ RunTime:0.000000s ]
INFO: [ app_begin ] --START--
INFO: Run Behavior\ReadHtmlCacheBehavior [ RunTime:0.001000s ]
INFO: [ app_begin ] --END-- [ RunTime:0.001000s ]
NOTIC: [8] Undefined index: keywords D:\fang\XAMPP\htdocs\demo1\Application\Admin\Controller\UserController.class.php 第 11 行.
NOTIC: [8] Undefined variable: where D:\fang\XAMPP\htdocs\demo1\Application\Admin\Controller\UserController.class.php 第 15 行.
NOTIC: [8] Undefined variable: where D:\fang\XAMPP\htdocs\demo1\Application\Admin\Controller\UserController.class.php 第 18 行.
INFO: [ view_parse ] --START--
INFO: [ template_filter ] --START--
INFO: Run Behavior\ContentReplaceBehavior [ RunTime:0.000000s ]
INFO: [ template_filter ] --END-- [ RunTime:0.000000s ]
NOTIC: [8] Undefined variable: keywords D:\fang\XAMPP\htdocs\demo1\Application\Runtime\Cache\Admin\65e605872ed5d34210f5b33beb13f5a3.php 第 240 行.
NOTIC: [8] Undefined index: adminjurisdiction D:\fang\XAMPP\htdocs\demo1\Application\Runtime\Cache\Admin\65e605872ed5d34210f5b33beb13f5a3.php 第 250 行.
NOTIC: [8] Undefined index: mobile D:\fang\XAMPP\htdocs\demo1\Application\Runtime\Cache\Admin\65e605872ed5d34210f5b33beb13f5a3.php 第 276 行.
NOTIC: [8] Undefined index: create_time D:\fang\XAMPP\htdocs\demo1\Application\Runtime\Cache\Admin\65e605872ed5d34210f5b33beb13f5a3.php 第 279 行.
NOTIC: [8] Undefined index: lock D:\fang\XAMPP\htdocs\demo1\Application\Runtime\Cache\Admin\65e605872ed5d34210f5b33beb13f5a3.php 第 280 行.
NOTIC: [8] Undefined index: lock D:\fang\XAMPP\htdocs\demo1\Application\Runtime\Cache\Admin\65e605872ed5d34210f5b33beb13f5a3.php 第 280 行.
INFO: Run Behavior\ParseTemplateBehavior [ RunTime:0.012001s ]
INFO: [ view_parse ] --END-- [ RunTime:0.012001s ]
INFO: [ view_filter ] --START--
INFO: Run Behavior\WriteHtmlCacheBehavior [ RunTime:0.001000s ]
INFO: [ view_filter ] --END-- [ RunTime:0.001000s ]
INFO: [ app_end ] --START--
INFO: Run Behavior\ShowPageTraceBehavior [ RunTime:0.001000s ]
INFO: [ app_end ] --END-- [ RunTime:0.001000s ]

[ 2017-04-13T09:20:00+08:00 ] ::1 /demo1/index.php/Admin/User/index/p/1.html
INFO: [ app_init ] --START--
INFO: Run Behavior\BuildLiteBehavior [ RunTime:0.000000s ]
INFO: [ app_init ] --END-- [ RunTime:0.000000s ]
INFO: [ app_begin ] --START--
INFO: Run Behavior\ReadHtmlCacheBehavior [ RunTime:0.000000s ]
INFO: [ app_begin ] --END-- [ RunTime:0.000000s ]
NOTIC: [8] Undefined index: keywords D:\fang\XAMPP\htdocs\demo1\Application\Admin\Controller\UserController.class.php 第 11 行.
NOTIC: [8] Undefined variable: where D:\fang\XAMPP\htdocs\demo1\Application\Admin\Controller\UserController.class.php 第 15 行.
NOTIC: [8] Undefined variable: where D:\fang\XAMPP\htdocs\demo1\Application\Admin\Controller\UserController.class.php 第 18 行.
INFO: [ view_parse ] --START--
INFO: [ template_filter ] --START--
INFO: Run Behavior\ContentReplaceBehavior [ RunTime:0.000000s ]
INFO: [ template_filter ] --END-- [ RunTime:0.000000s ]
NOTIC: [8] Undefined variable: keywords D:\fang\XAMPP\htdocs\demo1\Application\Runtime\Cache\Admin\65e605872ed5d34210f5b33beb13f5a3.php 第 240 行.
NOTIC: [8] Undefined index: adminjurisdiction D:\fang\XAMPP\htdocs\demo1\Application\Runtime\Cache\Admin\65e605872ed5d34210f5b33beb13f5a3.php 第 250 行.
NOTIC: [8] Undefined index: mobile D:\fang\XAMPP\htdocs\demo1\Application\Runtime\Cache\Admin\65e605872ed5d34210f5b33beb13f5a3.php 第 276 行.
NOTIC: [8] Undefined index: create_time D:\fang\XAMPP\htdocs\demo1\Application\Runtime\Cache\Admin\65e605872ed5d34210f5b33beb13f5a3.php 第 279 行.
NOTIC: [8] Undefined index: lock D:\fang\XAMPP\htdocs\demo1\Application\Runtime\Cache\Admin\65e605872ed5d34210f5b33beb13f5a3.php 第 280 行.
NOTIC: [8] Undefined index: lock D:\fang\XAMPP\htdocs\demo1\Application\Runtime\Cache\Admin\65e605872ed5d34210f5b33beb13f5a3.php 第 280 行.
INFO: Run Behavior\ParseTemplateBehavior [ RunTime:0.009001s ]
INFO: [ view_parse ] --END-- [ RunTime:0.009001s ]
INFO: [ view_filter ] --START--
INFO: Run Behavior\WriteHtmlCacheBehavior [ RunTime:0.000000s ]
INFO: [ view_filter ] --END-- [ RunTime:0.000000s ]
INFO: [ app_end ] --START--
INFO: Run Behavior\ShowPageTraceBehavior [ RunTime:0.001000s ]
INFO: [ app_end ] --END-- [ RunTime:0.001000s ]

[ 2017-04-13T09:20:00+08:00 ] ::1 /demo1/index.php/Admin/User/index/p/2.html
INFO: [ app_init ] --START--
INFO: Run Behavior\BuildLiteBehavior [ RunTime:0.000000s ]
INFO: [ app_init ] --END-- [ RunTime:0.001001s ]
INFO: [ app_begin ] --START--
INFO: Run Behavior\ReadHtmlCacheBehavior [ RunTime:0.001000s ]
INFO: [ app_begin ] --END-- [ RunTime:0.001000s ]
NOTIC: [8] Undefined index: keywords D:\fang\XAMPP\htdocs\demo1\Application\Admin\Controller\UserController.class.php 第 11 行.
NOTIC: [8] Undefined variable: where D:\fang\XAMPP\htdocs\demo1\Application\Admin\Controller\UserController.class.php 第 15 行.
NOTIC: [8] Undefined variable: where D:\fang\XAMPP\htdocs\demo1\Application\Admin\Controller\UserController.class.php 第 18 行.
INFO: [ view_parse ] --START--
INFO: [ template_filter ] --START--
INFO: Run Behavior\ContentReplaceBehavior [ RunTime:0.000000s ]
INFO: [ template_filter ] --END-- [ RunTime:0.000000s ]
NOTIC: [8] Undefined variable: keywords D:\fang\XAMPP\htdocs\demo1\Application\Runtime\Cache\Admin\65e605872ed5d34210f5b33beb13f5a3.php 第 240 行.
NOTIC: [8] Undefined index: adminjurisdiction D:\fang\XAMPP\htdocs\demo1\Application\Runtime\Cache\Admin\65e605872ed5d34210f5b33beb13f5a3.php 第 250 行.
NOTIC: [8] Undefined index: mobile D:\fang\XAMPP\htdocs\demo1\Application\Runtime\Cache\Admin\65e605872ed5d34210f5b33beb13f5a3.php 第 276 行.
NOTIC: [8] Undefined index: create_time D:\fang\XAMPP\htdocs\demo1\Application\Runtime\Cache\Admin\65e605872ed5d34210f5b33beb13f5a3.php 第 279 行.
NOTIC: [8] Undefined index: lock D:\fang\XAMPP\htdocs\demo1\Application\Runtime\Cache\Admin\65e605872ed5d34210f5b33beb13f5a3.php 第 280 行.
NOTIC: [8] Undefined index: lock D:\fang\XAMPP\htdocs\demo1\Application\Runtime\Cache\Admin\65e605872ed5d34210f5b33beb13f5a3.php 第 280 行.
INFO: Run Behavior\ParseTemplateBehavior [ RunTime:0.010001s ]
INFO: [ view_parse ] --END-- [ RunTime:0.010001s ]
INFO: [ view_filter ] --START--
INFO: Run Behavior\WriteHtmlCacheBehavior [ RunTime:0.000000s ]
INFO: [ view_filter ] --END-- [ RunTime:0.000000s ]
INFO: [ app_end ] --START--
INFO: Run Behavior\ShowPageTraceBehavior [ RunTime:0.001000s ]
INFO: [ app_end ] --END-- [ RunTime:0.001000s ]

[ 2017-04-13T09:20:18+08:00 ] ::1 /demo1/index.php/Admin/User/index/p/2.html
INFO: [ app_init ] --START--
INFO: Run Behavior\BuildLiteBehavior [ RunTime:0.000000s ]
INFO: [ app_init ] --END-- [ RunTime:0.001000s ]
INFO: [ app_begin ] --START--
INFO: Run Behavior\ReadHtmlCacheBehavior [ RunTime:0.000000s ]
INFO: [ app_begin ] --END-- [ RunTime:0.000000s ]
NOTIC: [8] Undefined index: keywords D:\fang\XAMPP\htdocs\demo1\Application\Admin\Controller\UserController.class.php 第 11 行.
NOTIC: [8] Undefined variable: where D:\fang\XAMPP\htdocs\demo1\Application\Admin\Controller\UserController.class.php 第 15 行.
NOTIC: [8] Undefined variable: where D:\fang\XAMPP\htdocs\demo1\Application\Admin\Controller\UserController.class.php 第 18 行.
INFO: [ view_parse ] --START--
INFO: [ template_filter ] --START--
INFO: Run Behavior\ContentReplaceBehavior [ RunTime:0.000000s ]
INFO: [ template_filter ] --END-- [ RunTime:0.000000s ]
NOTIC: [8] Undefined variable: keywords D:\fang\XAMPP\htdocs\demo1\Application\Runtime\Cache\Admin\65e605872ed5d34210f5b33beb13f5a3.php 第 240 行.
NOTIC: [8] Undefined index: adminjurisdiction D:\fang\XAMPP\htdocs\demo1\Application\Runtime\Cache\Admin\65e605872ed5d34210f5b33beb13f5a3.php 第 250 行.
NOTIC: [8] Undefined index: mobile D:\fang\XAMPP\htdocs\demo1\Application\Runtime\Cache\Admin\65e605872ed5d34210f5b33beb13f5a3.php 第 276 行.
NOTIC: [8] Undefined index: create_time D:\fang\XAMPP\htdocs\demo1\Application\Runtime\Cache\Admin\65e605872ed5d34210f5b33beb13f5a3.php 第 279 行.
NOTIC: [8] Undefined index: lock D:\fang\XAMPP\htdocs\demo1\Application\Runtime\Cache\Admin\65e605872ed5d34210f5b33beb13f5a3.php 第 280 行.
NOTIC: [8] Undefined index: lock D:\fang\XAMPP\htdocs\demo1\Application\Runtime\Cache\Admin\65e605872ed5d34210f5b33beb13f5a3.php 第 280 行.
INFO: Run Behavior\ParseTemplateBehavior [ RunTime:0.013000s ]
INFO: [ view_parse ] --END-- [ RunTime:0.013000s ]
INFO: [ view_filter ] --START--
INFO: Run Behavior\WriteHtmlCacheBehavior [ RunTime:0.001000s ]
INFO: [ view_filter ] --END-- [ RunTime:0.001000s ]
INFO: [ app_end ] --START--
INFO: Run Behavior\ShowPageTraceBehavior [ RunTime:0.001000s ]
INFO: [ app_end ] --END-- [ RunTime:0.001000s ]

[ 2017-04-13T09:20:31+08:00 ] ::1 /demo1/index.php/Admin/User/index.html
INFO: [ app_init ] --START--
INFO: Run Behavior\BuildLiteBehavior [ RunTime:0.000000s ]
INFO: [ app_init ] --END-- [ RunTime:0.001000s ]
INFO: [ app_begin ] --START--
INFO: Run Behavior\ReadHtmlCacheBehavior [ RunTime:0.001000s ]
INFO: [ app_begin ] --END-- [ RunTime:0.001000s ]
INFO: [ view_parse ] --START--
INFO: [ template_filter ] --START--
INFO: Run Behavior\ContentReplaceBehavior [ RunTime:0.000000s ]
INFO: [ template_filter ] --END-- [ RunTime:0.000000s ]
NOTIC: [8] Undefined index: adminjurisdiction D:\fang\XAMPP\htdocs\demo1\Application\Runtime\Cache\Admin\65e605872ed5d34210f5b33beb13f5a3.php 第 250 行.
INFO: Run Behavior\ParseTemplateBehavior [ RunTime:0.008000s ]
INFO: [ view_parse ] --END-- [ RunTime:0.008000s ]
INFO: [ view_filter ] --START--
INFO: Run Behavior\WriteHtmlCacheBehavior [ RunTime:0.000000s ]
INFO: [ view_filter ] --END-- [ RunTime:0.000000s ]
INFO: [ app_end ] --START--
INFO: Run Behavior\ShowPageTraceBehavior [ RunTime:0.001000s ]
INFO: [ app_end ] --END-- [ RunTime:0.001000s ]

[ 2017-04-13T09:20:35+08:00 ] ::1 /demo1/index.php/Admin/User/index.html
INFO: [ app_init ] --START--
INFO: Run Behavior\BuildLiteBehavior [ RunTime:0.000000s ]
INFO: [ app_init ] --END-- [ RunTime:0.000000s ]
INFO: [ app_begin ] --START--
INFO: Run Behavior\ReadHtmlCacheBehavior [ RunTime:0.001000s ]
INFO: [ app_begin ] --END-- [ RunTime:0.001000s ]
INFO: [ view_parse ] --START--
INFO: [ template_filter ] --START--
INFO: Run Behavior\ContentReplaceBehavior [ RunTime:0.000000s ]
INFO: [ template_filter ] --END-- [ RunTime:0.000000s ]
NOTIC: [8] Undefined index: adminjurisdiction D:\fang\XAMPP\htdocs\demo1\Application\Runtime\Cache\Admin\65e605872ed5d34210f5b33beb13f5a3.php 第 250 行.
INFO: Run Behavior\ParseTemplateBehavior [ RunTime:0.010001s ]
INFO: [ view_parse ] --END-- [ RunTime:0.010001s ]
INFO: [ view_filter ] --START--
INFO: Run Behavior\WriteHtmlCacheBehavior [ RunTime:0.001000s ]
INFO: [ view_filter ] --END-- [ RunTime:0.001000s ]
INFO: [ app_end ] --START--
INFO: Run Behavior\ShowPageTraceBehavior [ RunTime:0.000000s ]
INFO: [ app_end ] --END-- [ RunTime:0.000000s ]

[ 2017-04-13T09:20:36+08:00 ] ::1 /demo1/index.php/Admin/User/index.html
INFO: [ app_init ] --START--
INFO: Run Behavior\BuildLiteBehavior [ RunTime:0.000000s ]
INFO: [ app_init ] --END-- [ RunTime:0.001000s ]
INFO: [ app_begin ] --START--
INFO: Run Behavior\ReadHtmlCacheBehavior [ RunTime:0.002000s ]
INFO: [ app_begin ] --END-- [ RunTime:0.002000s ]
INFO: [ view_parse ] --START--
INFO: [ template_filter ] --START--
INFO: Run Behavior\ContentReplaceBehavior [ RunTime:0.000000s ]
INFO: [ template_filter ] --END-- [ RunTime:0.000000s ]
NOTIC: [8] Undefined index: adminjurisdiction D:\fang\XAMPP\htdocs\demo1\Application\Runtime\Cache\Admin\65e605872ed5d34210f5b33beb13f5a3.php 第 250 行.
INFO: Run Behavior\ParseTemplateBehavior [ RunTime:0.011001s ]
INFO: [ view_parse ] --END-- [ RunTime:0.011001s ]
INFO: [ view_filter ] --START--
INFO: Run Behavior\WriteHtmlCacheBehavior [ RunTime:0.001000s ]
INFO: [ view_filter ] --END-- [ RunTime:0.001000s ]
INFO: [ app_end ] --START--
INFO: Run Behavior\ShowPageTraceBehavior [ RunTime:0.000000s ]
INFO: [ app_end ] --END-- [ RunTime:0.000000s ]

[ 2017-04-13T09:20:36+08:00 ] ::1 /demo1/index.php/Admin/User/index.html
INFO: [ app_init ] --START--
INFO: Run Behavior\BuildLiteBehavior [ RunTime:0.000000s ]
INFO: [ app_init ] --END-- [ RunTime:0.000000s ]
INFO: [ app_begin ] --START--
INFO: Run Behavior\ReadHtmlCacheBehavior [ RunTime:0.001000s ]
INFO: [ app_begin ] --END-- [ RunTime:0.001000s ]
INFO: [ view_parse ] --START--
INFO: [ template_filter ] --START--
INFO: Run Behavior\ContentReplaceBehavior [ RunTime:0.000000s ]
INFO: [ template_filter ] --END-- [ RunTime:0.000000s ]
NOTIC: [8] Undefined index: adminjurisdiction D:\fang\XAMPP\htdocs\demo1\Application\Runtime\Cache\Admin\65e605872ed5d34210f5b33beb13f5a3.php 第 250 行.
INFO: Run Behavior\ParseTemplateBehavior [ RunTime:0.008000s ]
INFO: [ view_parse ] --END-- [ RunTime:0.008000s ]
INFO: [ view_filter ] --START--
INFO: Run Behavior\WriteHtmlCacheBehavior [ RunTime:0.001000s ]
INFO: [ view_filter ] --END-- [ RunTime:0.001000s ]
INFO: [ app_end ] --START--
INFO: Run Behavior\ShowPageTraceBehavior [ RunTime:0.000000s ]
INFO: [ app_end ] --END-- [ RunTime:0.000000s ]

[ 2017-04-13T09:20:51+08:00 ] ::1 /demo1/index.php/Admin/User/index.html
INFO: [ app_init ] --START--
INFO: Run Behavior\BuildLiteBehavior [ RunTime:0.000000s ]
INFO: [ app_init ] --END-- [ RunTime:0.001000s ]
INFO: [ app_begin ] --START--
INFO: Run Behavior\ReadHtmlCacheBehavior [ RunTime:0.001000s ]
INFO: [ app_begin ] --END-- [ RunTime:0.001000s ]
INFO: [ view_parse ] --START--
INFO: [ template_filter ] --START--
INFO: Run Behavior\ContentReplaceBehavior [ RunTime:0.000000s ]
INFO: [ template_filter ] --END-- [ RunTime:0.000000s ]
NOTIC: [8] Undefined index: adminjurisdiction D:\fang\XAMPP\htdocs\demo1\Application\Runtime\Cache\Admin\65e605872ed5d34210f5b33beb13f5a3.php 第 250 行.
INFO: Run Behavior\ParseTemplateBehavior [ RunTime:0.009000s ]
INFO: [ view_parse ] --END-- [ RunTime:0.009000s ]
INFO: [ view_filter ] --START--
INFO: Run Behavior\WriteHtmlCacheBehavior [ RunTime:0.000000s ]
INFO: [ view_filter ] --END-- [ RunTime:0.000000s ]
INFO: [ app_end ] --START--
INFO: Run Behavior\ShowPageTraceBehavior [ RunTime:0.001000s ]
INFO: [ app_end ] --END-- [ RunTime:0.001000s ]

[ 2017-04-13T09:20:55+08:00 ] ::1 /demo1/index.php/Admin/User/index.html
INFO: [ app_init ] --START--
INFO: Run Behavior\BuildLiteBehavior [ RunTime:0.000000s ]
INFO: [ app_init ] --END-- [ RunTime:0.001000s ]
INFO: [ app_begin ] --START--
INFO: Run Behavior\ReadHtmlCacheBehavior [ RunTime:0.000000s ]
INFO: [ app_begin ] --END-- [ RunTime:0.001000s ]
NOTIC: [8] Undefined variable: where D:\fang\XAMPP\htdocs\demo1\Application\Admin\Controller\UserController.class.php 第 15 行.
NOTIC: [8] Undefined variable: where D:\fang\XAMPP\htdocs\demo1\Application\Admin\Controller\UserController.class.php 第 18 行.
INFO: [ view_parse ] --START--
INFO: [ template_filter ] --START--
INFO: Run Behavior\ContentReplaceBehavior [ RunTime:0.000000s ]
INFO: [ template_filter ] --END-- [ RunTime:0.000000s ]
NOTIC: [8] Undefined variable: keywords D:\fang\XAMPP\htdocs\demo1\Application\Runtime\Cache\Admin\65e605872ed5d34210f5b33beb13f5a3.php 第 240 行.
NOTIC: [8] Undefined index: adminjurisdiction D:\fang\XAMPP\htdocs\demo1\Application\Runtime\Cache\Admin\65e605872ed5d34210f5b33beb13f5a3.php 第 250 行.
NOTIC: [8] Undefined index: mobile D:\fang\XAMPP\htdocs\demo1\Application\Runtime\Cache\Admin\65e605872ed5d34210f5b33beb13f5a3.php 第 276 行.
NOTIC: [8] Undefined index: create_time D:\fang\XAMPP\htdocs\demo1\Application\Runtime\Cache\Admin\65e605872ed5d34210f5b33beb13f5a3.php 第 279 行.
NOTIC: [8] Undefined index: lock D:\fang\XAMPP\htdocs\demo1\Application\Runtime\Cache\Admin\65e605872ed5d34210f5b33beb13f5a3.php 第 280 行.
NOTIC: [8] Undefined index: lock D:\fang\XAMPP\htdocs\demo1\Application\Runtime\Cache\Admin\65e605872ed5d34210f5b33beb13f5a3.php 第 280 行.
INFO: Run Behavior\ParseTemplateBehavior [ RunTime:0.009001s ]
INFO: [ view_parse ] --END-- [ RunTime:0.009001s ]
INFO: [ view_filter ] --START--
INFO: Run Behavior\WriteHtmlCacheBehavior [ RunTime:0.000000s ]
INFO: [ view_filter ] --END-- [ RunTime:0.000000s ]
INFO: [ app_end ] --START--
INFO: Run Behavior\ShowPageTraceBehavior [ RunTime:0.001000s ]
INFO: [ app_end ] --END-- [ RunTime:0.001000s ]

[ 2017-04-13T09:21:00+08:00 ] ::1 /demo1/index.php/Admin/User/index/p/2.html
INFO: [ app_init ] --START--
INFO: Run Behavior\BuildLiteBehavior [ RunTime:0.000000s ]
INFO: [ app_init ] --END-- [ RunTime:0.001000s ]
INFO: [ app_begin ] --START--
INFO: Run Behavior\ReadHtmlCacheBehavior [ RunTime:0.001000s ]
INFO: [ app_begin ] --END-- [ RunTime:0.001000s ]
NOTIC: [8] Undefined index: keywords D:\fang\XAMPP\htdocs\demo1\Application\Admin\Controller\UserController.class.php 第 11 行.
NOTIC: [8] Undefined variable: where D:\fang\XAMPP\htdocs\demo1\Application\Admin\Controller\UserController.class.php 第 15 行.
NOTIC: [8] Undefined variable: where D:\fang\XAMPP\htdocs\demo1\Application\Admin\Controller\UserController.class.php 第 18 行.
INFO: [ view_parse ] --START--
INFO: [ template_filter ] --START--
INFO: Run Behavior\ContentReplaceBehavior [ RunTime:0.001000s ]
INFO: [ template_filter ] --END-- [ RunTime:0.001000s ]
NOTIC: [8] Undefined variable: keywords D:\fang\XAMPP\htdocs\demo1\Application\Runtime\Cache\Admin\65e605872ed5d34210f5b33beb13f5a3.php 第 240 行.
NOTIC: [8] Undefined index: adminjurisdiction D:\fang\XAMPP\htdocs\demo1\Application\Runtime\Cache\Admin\65e605872ed5d34210f5b33beb13f5a3.php 第 250 行.
NOTIC: [8] Undefined index: mobile D:\fang\XAMPP\htdocs\demo1\Application\Runtime\Cache\Admin\65e605872ed5d34210f5b33beb13f5a3.php 第 276 行.
NOTIC: [8] Undefined index: create_time D:\fang\XAMPP\htdocs\demo1\Application\Runtime\Cache\Admin\65e605872ed5d34210f5b33beb13f5a3.php 第 279 行.
NOTIC: [8] Undefined index: lock D:\fang\XAMPP\htdocs\demo1\Application\Runtime\Cache\Admin\65e605872ed5d34210f5b33beb13f5a3.php 第 280 行.
NOTIC: [8] Undefined index: lock D:\fang\XAMPP\htdocs\demo1\Application\Runtime\Cache\Admin\65e605872ed5d34210f5b33beb13f5a3.php 第 280 行.
INFO: Run Behavior\ParseTemplateBehavior [ RunTime:0.012001s ]
INFO: [ view_parse ] --END-- [ RunTime:0.012001s ]
INFO: [ view_filter ] --START--
INFO: Run Behavior\WriteHtmlCacheBehavior [ RunTime:0.000000s ]
INFO: [ view_filter ] --END-- [ RunTime:0.000000s ]
INFO: [ app_end ] --START--
INFO: Run Behavior\ShowPageTraceBehavior [ RunTime:0.001000s ]
INFO: [ app_end ] --END-- [ RunTime:0.001000s ]

[ 2017-04-13T09:21:02+08:00 ] ::1 /demo1/index.php/Admin/User/index/p/1.html
INFO: [ app_init ] --START--
INFO: Run Behavior\BuildLiteBehavior [ RunTime:0.000000s ]
INFO: [ app_init ] --END-- [ RunTime:0.001000s ]
INFO: [ app_begin ] --START--
INFO: Run Behavior\ReadHtmlCacheBehavior [ RunTime:0.001000s ]
INFO: [ app_begin ] --END-- [ RunTime:0.001000s ]
NOTIC: [8] Undefined index: keywords D:\fang\XAMPP\htdocs\demo1\Application\Admin\Controller\UserController.class.php 第 11 行.
NOTIC: [8] Undefined variable: where D:\fang\XAMPP\htdocs\demo1\Application\Admin\Controller\UserController.class.php 第 15 行.
NOTIC: [8] Undefined variable: where D:\fang\XAMPP\htdocs\demo1\Application\Admin\Controller\UserController.class.php 第 18 行.
INFO: [ view_parse ] --START--
INFO: [ template_filter ] --START--
INFO: Run Behavior\ContentReplaceBehavior [ RunTime:0.000000s ]
INFO: [ template_filter ] --END-- [ RunTime:0.000000s ]
NOTIC: [8] Undefined variable: keywords D:\fang\XAMPP\htdocs\demo1\Application\Runtime\Cache\Admin\65e605872ed5d34210f5b33beb13f5a3.php 第 240 行.
NOTIC: [8] Undefined index: adminjurisdiction D:\fang\XAMPP\htdocs\demo1\Application\Runtime\Cache\Admin\65e605872ed5d34210f5b33beb13f5a3.php 第 250 行.
NOTIC: [8] Undefined index: mobile D:\fang\XAMPP\htdocs\demo1\Application\Runtime\Cache\Admin\65e605872ed5d34210f5b33beb13f5a3.php 第 276 行.
NOTIC: [8] Undefined index: create_time D:\fang\XAMPP\htdocs\demo1\Application\Runtime\Cache\Admin\65e605872ed5d34210f5b33beb13f5a3.php 第 279 行.
NOTIC: [8] Undefined index: lock D:\fang\XAMPP\htdocs\demo1\Application\Runtime\Cache\Admin\65e605872ed5d34210f5b33beb13f5a3.php 第 280 行.
NOTIC: [8] Undefined index: lock D:\fang\XAMPP\htdocs\demo1\Application\Runtime\Cache\Admin\65e605872ed5d34210f5b33beb13f5a3.php 第 280 行.
INFO: Run Behavior\ParseTemplateBehavior [ RunTime:0.010001s ]
INFO: [ view_parse ] --END-- [ RunTime:0.010001s ]
INFO: [ view_filter ] --START--
INFO: Run Behavior\WriteHtmlCacheBehavior [ RunTime:0.000000s ]
INFO: [ view_filter ] --END-- [ RunTime:0.000000s ]
INFO: [ app_end ] --START--
INFO: Run Behavior\ShowPageTraceBehavior [ RunTime:0.001000s ]
INFO: [ app_end ] --END-- [ RunTime:0.001000s ]

[ 2017-04-13T09:21:04+08:00 ] ::1 /demo1/index.php/Admin/User/index/p/2.html
INFO: [ app_init ] --START--
INFO: Run Behavior\BuildLiteBehavior [ RunTime:0.000000s ]
INFO: [ app_init ] --END-- [ RunTime:0.000000s ]
INFO: [ app_begin ] --START--
INFO: Run Behavior\ReadHtmlCacheBehavior [ RunTime:0.001000s ]
INFO: [ app_begin ] --END-- [ RunTime:0.001000s ]
NOTIC: [8] Undefined index: keywords D:\fang\XAMPP\htdocs\demo1\Application\Admin\Controller\UserController.class.php 第 11 行.
NOTIC: [8] Undefined variable: where D:\fang\XAMPP\htdocs\demo1\Application\Admin\Controller\UserController.class.php 第 15 行.
NOTIC: [8] Undefined variable: where D:\fang\XAMPP\htdocs\demo1\Application\Admin\Controller\UserController.class.php 第 18 行.
INFO: [ view_parse ] --START--
INFO: [ template_filter ] --START--
INFO: Run Behavior\ContentReplaceBehavior [ RunTime:0.000000s ]
INFO: [ template_filter ] --END-- [ RunTime:0.001000s ]
NOTIC: [8] Undefined variable: keywords D:\fang\XAMPP\htdocs\demo1\Application\Runtime\Cache\Admin\65e605872ed5d34210f5b33beb13f5a3.php 第 240 行.
NOTIC: [8] Undefined index: adminjurisdiction D:\fang\XAMPP\htdocs\demo1\Application\Runtime\Cache\Admin\65e605872ed5d34210f5b33beb13f5a3.php 第 250 行.
NOTIC: [8] Undefined index: mobile D:\fang\XAMPP\htdocs\demo1\Application\Runtime\Cache\Admin\65e605872ed5d34210f5b33beb13f5a3.php 第 276 行.
NOTIC: [8] Undefined index: create_time D:\fang\XAMPP\htdocs\demo1\Application\Runtime\Cache\Admin\65e605872ed5d34210f5b33beb13f5a3.php 第 279 行.
NOTIC: [8] Undefined index: lock D:\fang\XAMPP\htdocs\demo1\Application\Runtime\Cache\Admin\65e605872ed5d34210f5b33beb13f5a3.php 第 280 行.
NOTIC: [8] Undefined index: lock D:\fang\XAMPP\htdocs\demo1\Application\Runtime\Cache\Admin\65e605872ed5d34210f5b33beb13f5a3.php 第 280 行.
INFO: Run Behavior\ParseTemplateBehavior [ RunTime:0.016001s ]
INFO: [ view_parse ] --END-- [ RunTime:0.016001s ]
INFO: [ view_filter ] --START--
INFO: Run Behavior\WriteHtmlCacheBehavior [ RunTime:0.001000s ]
INFO: [ view_filter ] --END-- [ RunTime:0.001000s ]
INFO: [ app_end ] --START--
INFO: Run Behavior\ShowPageTraceBehavior [ RunTime:0.001000s ]
INFO: [ app_end ] --END-- [ RunTime:0.001000s ]

[ 2017-04-13T09:21:08+08:00 ] ::1 /demo1/index.php/Admin/User/index/p/1.html
INFO: [ app_init ] --START--
INFO: Run Behavior\BuildLiteBehavior [ RunTime:0.000000s ]
INFO: [ app_init ] --END-- [ RunTime:0.001000s ]
INFO: [ app_begin ] --START--
INFO: Run Behavior\ReadHtmlCacheBehavior [ RunTime:0.001000s ]
INFO: [ app_begin ] --END-- [ RunTime:0.002000s ]
NOTIC: [8] Undefined index: keywords D:\fang\XAMPP\htdocs\demo1\Application\Admin\Controller\UserController.class.php 第 11 行.
NOTIC: [8] Undefined variable: where D:\fang\XAMPP\htdocs\demo1\Application\Admin\Controller\UserController.class.php 第 15 行.
NOTIC: [8] Undefined variable: where D:\fang\XAMPP\htdocs\demo1\Application\Admin\Controller\UserController.class.php 第 18 行.
INFO: [ view_parse ] --START--
INFO: [ template_filter ] --START--
INFO: Run Behavior\ContentReplaceBehavior [ RunTime:0.000000s ]
INFO: [ template_filter ] --END-- [ RunTime:0.000000s ]
NOTIC: [8] Undefined variable: keywords D:\fang\XAMPP\htdocs\demo1\Application\Runtime\Cache\Admin\65e605872ed5d34210f5b33beb13f5a3.php 第 240 行.
NOTIC: [8] Undefined index: adminjurisdiction D:\fang\XAMPP\htdocs\demo1\Application\Runtime\Cache\Admin\65e605872ed5d34210f5b33beb13f5a3.php 第 250 行.
NOTIC: [8] Undefined index: mobile D:\fang\XAMPP\htdocs\demo1\Application\Runtime\Cache\Admin\65e605872ed5d34210f5b33beb13f5a3.php 第 276 行.
NOTIC: [8] Undefined index: create_time D:\fang\XAMPP\htdocs\demo1\Application\Runtime\Cache\Admin\65e605872ed5d34210f5b33beb13f5a3.php 第 279 行.
NOTIC: [8] Undefined index: lock D:\fang\XAMPP\htdocs\demo1\Application\Runtime\Cache\Admin\65e605872ed5d34210f5b33beb13f5a3.php 第 280 行.
NOTIC: [8] Undefined index: lock D:\fang\XAMPP\htdocs\demo1\Application\Runtime\Cache\Admin\65e605872ed5d34210f5b33beb13f5a3.php 第 280 行.
INFO: Run Behavior\ParseTemplateBehavior [ RunTime:0.008001s ]
INFO: [ view_parse ] --END-- [ RunTime:0.008001s ]
INFO: [ view_filter ] --START--
INFO: Run Behavior\WriteHtmlCacheBehavior [ RunTime:0.001000s ]
INFO: [ view_filter ] --END-- [ RunTime:0.001000s ]
INFO: [ app_end ] --START--
INFO: Run Behavior\ShowPageTraceBehavior [ RunTime:0.000000s ]
INFO: [ app_end ] --END-- [ RunTime:0.000000s ]

[ 2017-04-13T09:21:11+08:00 ] ::1 /demo1/index.php/Admin/User/index/p/2.html
INFO: [ app_init ] --START--
INFO: Run Behavior\BuildLiteBehavior [ RunTime:0.000000s ]
INFO: [ app_init ] --END-- [ RunTime:0.001000s ]
INFO: [ app_begin ] --START--
INFO: Run Behavior\ReadHtmlCacheBehavior [ RunTime:0.001000s ]
INFO: [ app_begin ] --END-- [ RunTime:0.001000s ]
NOTIC: [8] Undefined index: keywords D:\fang\XAMPP\htdocs\demo1\Application\Admin\Controller\UserController.class.php 第 11 行.
NOTIC: [8] Undefined variable: where D:\fang\XAMPP\htdocs\demo1\Application\Admin\Controller\UserController.class.php 第 15 行.
NOTIC: [8] Undefined variable: where D:\fang\XAMPP\htdocs\demo1\Application\Admin\Controller\UserController.class.php 第 18 行.
INFO: [ view_parse ] --START--
INFO: [ template_filter ] --START--
INFO: Run Behavior\ContentReplaceBehavior [ RunTime:0.000000s ]
INFO: [ template_filter ] --END-- [ RunTime:0.000000s ]
NOTIC: [8] Undefined variable: keywords D:\fang\XAMPP\htdocs\demo1\Application\Runtime\Cache\Admin\65e605872ed5d34210f5b33beb13f5a3.php 第 240 行.
NOTIC: [8] Undefined index: adminjurisdiction D:\fang\XAMPP\htdocs\demo1\Application\Runtime\Cache\Admin\65e605872ed5d34210f5b33beb13f5a3.php 第 250 行.
NOTIC: [8] Undefined index: mobile D:\fang\XAMPP\htdocs\demo1\Application\Runtime\Cache\Admin\65e605872ed5d34210f5b33beb13f5a3.php 第 276 行.
NOTIC: [8] Undefined index: create_time D:\fang\XAMPP\htdocs\demo1\Application\Runtime\Cache\Admin\65e605872ed5d34210f5b33beb13f5a3.php 第 279 行.
NOTIC: [8] Undefined index: lock D:\fang\XAMPP\htdocs\demo1\Application\Runtime\Cache\Admin\65e605872ed5d34210f5b33beb13f5a3.php 第 280 行.
NOTIC: [8] Undefined index: lock D:\fang\XAMPP\htdocs\demo1\Application\Runtime\Cache\Admin\65e605872ed5d34210f5b33beb13f5a3.php 第 280 行.
INFO: Run Behavior\ParseTemplateBehavior [ RunTime:0.008001s ]
INFO: [ view_parse ] --END-- [ RunTime:0.008001s ]
INFO: [ view_filter ] --START--
INFO: Run Behavior\WriteHtmlCacheBehavior [ RunTime:0.001000s ]
INFO: [ view_filter ] --END-- [ RunTime:0.001000s ]
INFO: [ app_end ] --START--
INFO: Run Behavior\ShowPageTraceBehavior [ RunTime:0.000000s ]
INFO: [ app_end ] --END-- [ RunTime:0.000000s ]

[ 2017-04-13T09:21:46+08:00 ] ::1 /demo1/index.php/Admin/User/index/p/2.html
INFO: [ app_init ] --START--
INFO: Run Behavior\BuildLiteBehavior [ RunTime:0.000000s ]
INFO: [ app_init ] --END-- [ RunTime:0.000000s ]
INFO: [ app_begin ] --START--
INFO: Run Behavior\ReadHtmlCacheBehavior [ RunTime:0.001001s ]
INFO: [ app_begin ] --END-- [ RunTime:0.001001s ]
NOTIC: [8] Undefined index: keywords D:\fang\XAMPP\htdocs\demo1\Application\Admin\Controller\UserController.class.php 第 11 行.
NOTIC: [8] Undefined variable: where D:\fang\XAMPP\htdocs\demo1\Application\Admin\Controller\UserController.class.php 第 15 行.
NOTIC: [8] Undefined variable: where D:\fang\XAMPP\htdocs\demo1\Application\Admin\Controller\UserController.class.php 第 18 行.
INFO: [ view_parse ] --START--
INFO: [ template_filter ] --START--
INFO: Run Behavior\ContentReplaceBehavior [ RunTime:0.000000s ]
INFO: [ template_filter ] --END-- [ RunTime:0.000000s ]
NOTIC: [8] Undefined variable: keywords D:\fang\XAMPP\htdocs\demo1\Application\Runtime\Cache\Admin\65e605872ed5d34210f5b33beb13f5a3.php 第 240 行.
NOTIC: [8] Undefined index: adminjurisdiction D:\fang\XAMPP\htdocs\demo1\Application\Runtime\Cache\Admin\65e605872ed5d34210f5b33beb13f5a3.php 第 250 行.
NOTIC: [8] Undefined index: mobile D:\fang\XAMPP\htdocs\demo1\Application\Runtime\Cache\Admin\65e605872ed5d34210f5b33beb13f5a3.php 第 276 行.
NOTIC: [8] Undefined index: create_time D:\fang\XAMPP\htdocs\demo1\Application\Runtime\Cache\Admin\65e605872ed5d34210f5b33beb13f5a3.php 第 279 行.
NOTIC: [8] Undefined index: lock D:\fang\XAMPP\htdocs\demo1\Application\Runtime\Cache\Admin\65e605872ed5d34210f5b33beb13f5a3.php 第 280 行.
NOTIC: [8] Undefined index: lock D:\fang\XAMPP\htdocs\demo1\Application\Runtime\Cache\Admin\65e605872ed5d34210f5b33beb13f5a3.php 第 280 行.
INFO: Run Behavior\ParseTemplateBehavior [ RunTime:0.008001s ]
INFO: [ view_parse ] --END-- [ RunTime:0.008001s ]
INFO: [ view_filter ] --START--
INFO: Run Behavior\WriteHtmlCacheBehavior [ RunTime:0.000000s ]
INFO: [ view_filter ] --END-- [ RunTime:0.000000s ]
INFO: [ app_end ] --START--
INFO: Run Behavior\ShowPageTraceBehavior [ RunTime:0.001000s ]
INFO: [ app_end ] --END-- [ RunTime:0.001000s ]

