[ 2017-01-20T11:23:45+08:00 ] ::1 /tiemaster/index.php/Admin/News/index
INFO: [ app_init ] --START--
INFO: Run Behavior\BuildLiteBehavior [ RunTime:0.000028s ]
INFO: [ app_init ] --END-- [ RunTime:0.000448s ]
INFO: [ app_begin ] --START--
INFO: Run Behavior\ReadHtmlCacheBehavior [ RunTime:0.000634s ]
INFO: [ app_begin ] --END-- [ RunTime:0.000707s ]

[ 2017-01-20T11:23:55+08:00 ] ::1 /tiemaster/index.php/Admin/Index/index.html
INFO: [ app_init ] --START--
INFO: Run Behavior\BuildLiteBehavior [ RunTime:0.000013s ]
INFO: [ app_init ] --END-- [ RunTime:0.000430s ]
INFO: [ app_begin ] --START--
INFO: Run Behavior\ReadHtmlCacheBehavior [ RunTime:0.000855s ]
INFO: [ app_begin ] --END-- [ RunTime:0.000968s ]
INFO: [ view_parse ] --START--
INFO: [ template_filter ] --START--
INFO: Run Behavior\ContentReplaceBehavior [ RunTime:0.000114s ]
INFO: [ template_filter ] --END-- [ RunTime:0.000190s ]
NOTIC: [8] Undefined variable: teacher_count E:\xampp\htdocs\tiemaster\Application\Runtime\Cache\Admin\b595b808c2ebeeeb0478ffc30bb4e87a.php 第 250 行.
NOTIC: [8] Undefined variable: school_count E:\xampp\htdocs\tiemaster\Application\Runtime\Cache\Admin\b595b808c2ebeeeb0478ffc30bb4e87a.php 第 257 行.
NOTIC: [8] Undefined variable: curriculum_count E:\xampp\htdocs\tiemaster\Application\Runtime\Cache\Admin\b595b808c2ebeeeb0478ffc30bb4e87a.php 第 264 行.
NOTIC: [8] Undefined variable: student_count E:\xampp\htdocs\tiemaster\Application\Runtime\Cache\Admin\b595b808c2ebeeeb0478ffc30bb4e87a.php 第 271 行.
NOTIC: [8] Undefined variable: newadd_teacher E:\xampp\htdocs\tiemaster\Application\Runtime\Cache\Admin\b595b808c2ebeeeb0478ffc30bb4e87a.php 第 286 行.
NOTIC: [8] Undefined variable: newadd_teacher E:\xampp\htdocs\tiemaster\Application\Runtime\Cache\Admin\b595b808c2ebeeeb0478ffc30bb4e87a.php 第 293 行.
INFO: Run Behavior\ParseTemplateBehavior [ RunTime:0.502272s ]
INFO: [ view_parse ] --END-- [ RunTime:0.502331s ]
INFO: [ view_filter ] --START--
INFO: Run Behavior\WriteHtmlCacheBehavior [ RunTime:0.000508s ]
INFO: [ view_filter ] --END-- [ RunTime:0.000564s ]
INFO: [ app_end ] --START--
INFO: Run Behavior\ShowPageTraceBehavior [ RunTime:0.000930s ]
INFO: [ app_end ] --END-- [ RunTime:0.001011s ]

[ 2017-01-20T11:23:58+08:00 ] ::1 /tiemaster/index.php/Admin/News/addnotice.html
INFO: [ app_init ] --START--
INFO: Run Behavior\BuildLiteBehavior [ RunTime:0.000015s ]
INFO: [ app_init ] --END-- [ RunTime:0.000365s ]
INFO: [ app_begin ] --START--
INFO: Run Behavior\ReadHtmlCacheBehavior [ RunTime:0.000466s ]
INFO: [ app_begin ] --END-- [ RunTime:0.000521s ]
NOTIC: [8] Undefined index: id E:\xampp\htdocs\tiemaster\Application\Admin\Controller\NewsController.class.php 第 43 行.
INFO: [ view_parse ] --START--
INFO: [ template_filter ] --START--
INFO: Run Behavior\ContentReplaceBehavior [ RunTime:0.000136s ]
INFO: [ template_filter ] --END-- [ RunTime:0.000200s ]
INFO: Run Behavior\ParseTemplateBehavior [ RunTime:0.687134s ]
INFO: [ view_parse ] --END-- [ RunTime:0.687194s ]
INFO: [ view_filter ] --START--
INFO: Run Behavior\WriteHtmlCacheBehavior [ RunTime:0.000367s ]
INFO: [ view_filter ] --END-- [ RunTime:0.000402s ]
INFO: [ app_end ] --START--
INFO: Run Behavior\ShowPageTraceBehavior [ RunTime:0.000644s ]
INFO: [ app_end ] --END-- [ RunTime:0.000704s ]

[ 2017-01-20T11:25:32+08:00 ] ::1 /tiemaster/index.php/Admin/News/addnotice.html
INFO: [ app_init ] --START--
INFO: Run Behavior\BuildLiteBehavior [ RunTime:0.000013s ]
INFO: [ app_init ] --END-- [ RunTime:0.000367s ]
INFO: [ app_begin ] --START--
INFO: Run Behavior\ReadHtmlCacheBehavior [ RunTime:0.000548s ]
INFO: [ app_begin ] --END-- [ RunTime:0.000598s ]
NOTIC: [8] Undefined index: id E:\xampp\htdocs\tiemaster\Application\Admin\Controller\NewsController.class.php 第 43 行.
INFO: [ view_parse ] --START--
INFO: [ template_filter ] --START--
INFO: Run Behavior\ContentReplaceBehavior [ RunTime:0.000094s ]
INFO: [ template_filter ] --END-- [ RunTime:0.000144s ]
INFO: Run Behavior\ParseTemplateBehavior [ RunTime:0.177398s ]
INFO: [ view_parse ] --END-- [ RunTime:0.177459s ]
INFO: [ view_filter ] --START--
INFO: Run Behavior\WriteHtmlCacheBehavior [ RunTime:0.000392s ]
INFO: [ view_filter ] --END-- [ RunTime:0.000430s ]
INFO: [ app_end ] --START--
INFO: Run Behavior\ShowPageTraceBehavior [ RunTime:0.000909s ]
INFO: [ app_end ] --END-- [ RunTime:0.000993s ]

[ 2017-01-20T11:26:56+08:00 ] ::1 /tiemaster/index.php/Admin/News/addnotice.html
INFO: [ app_init ] --START--
INFO: Run Behavior\BuildLiteBehavior [ RunTime:0.000031s ]
INFO: [ app_init ] --END-- [ RunTime:0.000522s ]
INFO: [ app_begin ] --START--
INFO: Run Behavior\ReadHtmlCacheBehavior [ RunTime:0.000361s ]
INFO: [ app_begin ] --END-- [ RunTime:0.000401s ]
NOTIC: [8] Undefined index: id E:\xampp\htdocs\tiemaster\Application\Admin\Controller\NewsController.class.php 第 43 行.
INFO: [ view_parse ] --START--
INFO: [ template_filter ] --START--
INFO: Run Behavior\ContentReplaceBehavior [ RunTime:0.000098s ]
INFO: [ template_filter ] --END-- [ RunTime:0.000146s ]
INFO: Run Behavior\ParseTemplateBehavior [ RunTime:0.177973s ]
INFO: [ view_parse ] --END-- [ RunTime:0.178045s ]
INFO: [ view_filter ] --START--
INFO: Run Behavior\WriteHtmlCacheBehavior [ RunTime:0.000386s ]
INFO: [ view_filter ] --END-- [ RunTime:0.000423s ]
INFO: [ app_end ] --START--
INFO: Run Behavior\ShowPageTraceBehavior [ RunTime:0.001226s ]
INFO: [ app_end ] --END-- [ RunTime:0.001325s ]

[ 2017-01-20T11:26:57+08:00 ] ::1 /tiemaster/index.php/Admin/News/index.html
INFO: [ app_init ] --START--
INFO: Run Behavior\BuildLiteBehavior [ RunTime:0.000027s ]
INFO: [ app_init ] --END-- [ RunTime:0.000740s ]
INFO: [ app_begin ] --START--
INFO: Run Behavior\ReadHtmlCacheBehavior [ RunTime:0.000930s ]
INFO: [ app_begin ] --END-- [ RunTime:0.001036s ]
NOTIC: [8] Undefined index: title E:\xampp\htdocs\tiemaster\Application\Admin\Controller\NewsController.class.php 第 10 行.
NOTIC: [8] Undefined variable: where E:\xampp\htdocs\tiemaster\Application\Admin\Controller\NewsController.class.php 第 15 行.
NOTIC: [8] Undefined variable: where E:\xampp\htdocs\tiemaster\Application\Admin\Controller\NewsController.class.php 第 18 行.
INFO: [ view_parse ] --START--
INFO: [ template_filter ] --START--
INFO: Run Behavior\ContentReplaceBehavior [ RunTime:0.000102s ]
INFO: [ template_filter ] --END-- [ RunTime:0.000160s ]
NOTIC: [8] Undefined variable: title E:\xampp\htdocs\tiemaster\Application\Runtime\Cache\Admin\36087655c6ab8580337cdc45b35a926d.php 第 205 行.
INFO: Run Behavior\ParseTemplateBehavior [ RunTime:0.211695s ]
INFO: [ view_parse ] --END-- [ RunTime:0.211752s ]
INFO: [ view_filter ] --START--
INFO: Run Behavior\WriteHtmlCacheBehavior [ RunTime:0.000413s ]
INFO: [ view_filter ] --END-- [ RunTime:0.000450s ]
INFO: [ app_end ] --START--
INFO: Run Behavior\ShowPageTraceBehavior [ RunTime:0.000663s ]
INFO: [ app_end ] --END-- [ RunTime:0.000727s ]

[ 2017-01-20T11:40:18+08:00 ] ::1 /tiemaster/index.php/Admin/News/index.html
INFO: [ app_init ] --START--
INFO: Run Behavior\BuildLiteBehavior [ RunTime:0.000011s ]
INFO: [ app_init ] --END-- [ RunTime:0.000271s ]
INFO: [ app_begin ] --START--
INFO: Run Behavior\ReadHtmlCacheBehavior [ RunTime:0.000355s ]
INFO: [ app_begin ] --END-- [ RunTime:0.000394s ]
NOTIC: [8] Undefined index: title E:\xampp\htdocs\tiemaster\Application\Admin\Controller\NewsController.class.php 第 10 行.
NOTIC: [8] Undefined variable: where E:\xampp\htdocs\tiemaster\Application\Admin\Controller\NewsController.class.php 第 15 行.
NOTIC: [8] Undefined variable: where E:\xampp\htdocs\tiemaster\Application\Admin\Controller\NewsController.class.php 第 18 行.
INFO: [ view_parse ] --START--
INFO: [ template_filter ] --START--
INFO: Run Behavior\ContentReplaceBehavior [ RunTime:0.000101s ]
INFO: [ template_filter ] --END-- [ RunTime:0.000155s ]
NOTIC: [8] Undefined variable: title E:\xampp\htdocs\tiemaster\Application\Runtime\Cache\Admin\36087655c6ab8580337cdc45b35a926d.php 第 205 行.
INFO: Run Behavior\ParseTemplateBehavior [ RunTime:0.282377s ]
INFO: [ view_parse ] --END-- [ RunTime:0.282426s ]
INFO: [ view_filter ] --START--
INFO: Run Behavior\WriteHtmlCacheBehavior [ RunTime:0.000398s ]
INFO: [ view_filter ] --END-- [ RunTime:0.000434s ]
INFO: [ app_end ] --START--
INFO: Run Behavior\ShowPageTraceBehavior [ RunTime:0.003619s ]
INFO: [ app_end ] --END-- [ RunTime:0.003717s ]

[ 2017-01-20T11:40:28+08:00 ] ::1 /tiemaster/index.php/Admin/News/index/p/2.html
INFO: [ app_init ] --START--
INFO: Run Behavior\BuildLiteBehavior [ RunTime:0.000013s ]
INFO: [ app_init ] --END-- [ RunTime:0.000405s ]
INFO: [ app_begin ] --START--
INFO: Run Behavior\ReadHtmlCacheBehavior [ RunTime:0.000578s ]
INFO: [ app_begin ] --END-- [ RunTime:0.000630s ]
NOTIC: [8] Undefined index: title E:\xampp\htdocs\tiemaster\Application\Admin\Controller\NewsController.class.php 第 10 行.
NOTIC: [8] Undefined variable: where E:\xampp\htdocs\tiemaster\Application\Admin\Controller\NewsController.class.php 第 15 行.
NOTIC: [8] Undefined variable: where E:\xampp\htdocs\tiemaster\Application\Admin\Controller\NewsController.class.php 第 18 行.
INFO: [ view_parse ] --START--
INFO: [ template_filter ] --START--
INFO: Run Behavior\ContentReplaceBehavior [ RunTime:0.000199s ]
INFO: [ template_filter ] --END-- [ RunTime:0.000359s ]
NOTIC: [8] Undefined variable: title E:\xampp\htdocs\tiemaster\Application\Runtime\Cache\Admin\36087655c6ab8580337cdc45b35a926d.php 第 205 行.
INFO: Run Behavior\ParseTemplateBehavior [ RunTime:0.168008s ]
INFO: [ view_parse ] --END-- [ RunTime:0.168095s ]
INFO: [ view_filter ] --START--
INFO: Run Behavior\WriteHtmlCacheBehavior [ RunTime:0.000360s ]
INFO: [ view_filter ] --END-- [ RunTime:0.000404s ]
INFO: [ app_end ] --START--
INFO: Run Behavior\ShowPageTraceBehavior [ RunTime:0.001221s ]
INFO: [ app_end ] --END-- [ RunTime:0.001480s ]

