[ 2017-01-18T09:22:44+08:00 ] 192.168.1.119 /tiemaster/index.php?m=Home&c=Index&a=getLinkNews
INFO: [ app_init ] --START--
INFO: Run Behavior\BuildLiteBehavior [ RunTime:0.000020s ]
INFO: [ app_init ] --END-- [ RunTime:0.000460s ]
INFO: [ app_begin ] --START--
INFO: Run Behavior\ReadHtmlCacheBehavior [ RunTime:0.000604s ]
INFO: [ app_begin ] --END-- [ RunTime:0.000669s ]
NOTIC: [8] Undefined index: type E:\xampp\htdocs\tiemaster\Application\Home\Controller\IndexController.class.php 第 27 行.

[ 2017-01-18T09:25:05+08:00 ] ::1 /tiemaster/
INFO: [ app_init ] --START--
INFO: Run Behavior\BuildLiteBehavior [ RunTime:0.000012s ]
INFO: [ app_init ] --END-- [ RunTime:0.000374s ]
INFO: [ app_begin ] --START--
INFO: Run Behavior\ReadHtmlCacheBehavior [ RunTime:0.000541s ]
INFO: [ app_begin ] --END-- [ RunTime:0.000600s ]
INFO: [ view_parse ] --START--
INFO: [ template_filter ] --START--
INFO: Run Behavior\ContentReplaceBehavior [ RunTime:0.000116s ]
INFO: [ template_filter ] --END-- [ RunTime:0.000164s ]
NOTIC: [8] Undefined index: uid E:\xampp\htdocs\tiemaster\Application\Runtime\Cache\Home\2a94b8bda04ff446dcedd42276fc99ee.php 第 27 行.
NOTIC: [8] Undefined variable: _info E:\xampp\htdocs\tiemaster\Application\Runtime\Cache\Home\2a94b8bda04ff446dcedd42276fc99ee.php 第 151 行.
NOTIC: [8] Undefined variable: goods E:\xampp\htdocs\tiemaster\Application\Runtime\Cache\Home\2a94b8bda04ff446dcedd42276fc99ee.php 第 191 行.
NOTIC: [8] Undefined variable: goods1 E:\xampp\htdocs\tiemaster\Application\Runtime\Cache\Home\2a94b8bda04ff446dcedd42276fc99ee.php 第 224 行.
NOTIC: [8] Undefined variable: news_s E:\xampp\htdocs\tiemaster\Application\Runtime\Cache\Home\2a94b8bda04ff446dcedd42276fc99ee.php 第 270 行.
NOTIC: [8] Undefined variable: news_x E:\xampp\htdocs\tiemaster\Application\Runtime\Cache\Home\2a94b8bda04ff446dcedd42276fc99ee.php 第 280 行.
NOTIC: [8] Undefined variable: orders E:\xampp\htdocs\tiemaster\Application\Runtime\Cache\Home\2a94b8bda04ff446dcedd42276fc99ee.php 第 302 行.
NOTIC: [8] Undefined variable: orders E:\xampp\htdocs\tiemaster\Application\Runtime\Cache\Home\2a94b8bda04ff446dcedd42276fc99ee.php 第 307 行.
NOTIC: [8] Undefined index: uid E:\xampp\htdocs\tiemaster\Application\Runtime\Cache\Home\2a94b8bda04ff446dcedd42276fc99ee.php 第 353 行.
INFO: Run Behavior\ParseTemplateBehavior [ RunTime:0.578873s ]
INFO: [ view_parse ] --END-- [ RunTime:0.578922s ]
INFO: [ view_filter ] --START--
INFO: Run Behavior\WriteHtmlCacheBehavior [ RunTime:0.019677s ]
INFO: [ view_filter ] --END-- [ RunTime:0.019730s ]
INFO: [ app_end ] --START--
INFO: Run Behavior\ShowPageTraceBehavior [ RunTime:0.020796s ]
INFO: [ app_end ] --END-- [ RunTime:0.020864s ]

