[ 2017-01-19T09:03:10+08:00 ] ::1 /tiemaster/
INFO: [ app_init ] --START--
INFO: Run Behavior\BuildLiteBehavior [ RunTime:0.000036s ]
INFO: [ app_init ] --END-- [ RunTime:0.101737s ]
INFO: [ app_begin ] --START--
INFO: Run Behavior\ReadHtmlCacheBehavior [ RunTime:0.001751s ]
INFO: [ app_begin ] --END-- [ RunTime:0.001845s ]
INFO: [ view_parse ] --START--
INFO: [ template_filter ] --START--
INFO: Run Behavior\ContentReplaceBehavior [ RunTime:0.000129s ]
INFO: [ template_filter ] --END-- [ RunTime:0.000180s ]
NOTIC: [8] Undefined index: uid E:\xampp\htdocs\tiemaster\Application\Runtime\Cache\Home\2a94b8bda04ff446dcedd42276fc99ee.php 第 27 行.
NOTIC: [8] Undefined variable: _info E:\xampp\htdocs\tiemaster\Application\Runtime\Cache\Home\2a94b8bda04ff446dcedd42276fc99ee.php 第 151 行.
NOTIC: [8] Undefined variable: goods E:\xampp\htdocs\tiemaster\Application\Runtime\Cache\Home\2a94b8bda04ff446dcedd42276fc99ee.php 第 191 行.
NOTIC: [8] Undefined variable: goods1 E:\xampp\htdocs\tiemaster\Application\Runtime\Cache\Home\2a94b8bda04ff446dcedd42276fc99ee.php 第 224 行.
NOTIC: [8] Undefined variable: news_s E:\xampp\htdocs\tiemaster\Application\Runtime\Cache\Home\2a94b8bda04ff446dcedd42276fc99ee.php 第 270 行.
NOTIC: [8] Undefined variable: news_x E:\xampp\htdocs\tiemaster\Application\Runtime\Cache\Home\2a94b8bda04ff446dcedd42276fc99ee.php 第 280 行.
NOTIC: [8] Undefined variable: orders E:\xampp\htdocs\tiemaster\Application\Runtime\Cache\Home\2a94b8bda04ff446dcedd42276fc99ee.php 第 302 行.
NOTIC: [8] Undefined variable: orders E:\xampp\htdocs\tiemaster\Application\Runtime\Cache\Home\2a94b8bda04ff446dcedd42276fc99ee.php 第 307 行.
NOTIC: [8] Undefined index: uid E:\xampp\htdocs\tiemaster\Application\Runtime\Cache\Home\2a94b8bda04ff446dcedd42276fc99ee.php 第 353 行.
INFO: Run Behavior\ParseTemplateBehavior [ RunTime:0.357810s ]
INFO: [ view_parse ] --END-- [ RunTime:0.357913s ]
INFO: [ view_filter ] --START--
INFO: Run Behavior\WriteHtmlCacheBehavior [ RunTime:0.009900s ]
INFO: [ view_filter ] --END-- [ RunTime:0.027509s ]
INFO: [ app_end ] --START--
INFO: Run Behavior\ShowPageTraceBehavior [ RunTime:0.021449s ]
INFO: [ app_end ] --END-- [ RunTime:0.021533s ]

[ 2017-01-19T09:03:38+08:00 ] ::1 /tiemaster/index.php?m=&
INFO: [ app_init ] --START--
INFO: Run Behavior\BuildLiteBehavior [ RunTime:0.000027s ]
INFO: [ app_init ] --END-- [ RunTime:0.000698s ]
INFO: [ app_begin ] --START--
INFO: Run Behavior\ReadHtmlCacheBehavior [ RunTime:0.000425s ]
INFO: [ app_begin ] --END-- [ RunTime:0.000485s ]
INFO: [ view_parse ] --START--
INFO: [ template_filter ] --START--
INFO: Run Behavior\ContentReplaceBehavior [ RunTime:0.000142s ]
INFO: [ template_filter ] --END-- [ RunTime:0.000200s ]
NOTIC: [8] Undefined index: uid E:\xampp\htdocs\tiemaster\Application\Runtime\Cache\Home\2a94b8bda04ff446dcedd42276fc99ee.php 第 27 行.
NOTIC: [8] Undefined variable: _info E:\xampp\htdocs\tiemaster\Application\Runtime\Cache\Home\2a94b8bda04ff446dcedd42276fc99ee.php 第 151 行.
NOTIC: [8] Undefined variable: goods E:\xampp\htdocs\tiemaster\Application\Runtime\Cache\Home\2a94b8bda04ff446dcedd42276fc99ee.php 第 191 行.
NOTIC: [8] Undefined variable: goods1 E:\xampp\htdocs\tiemaster\Application\Runtime\Cache\Home\2a94b8bda04ff446dcedd42276fc99ee.php 第 224 行.
NOTIC: [8] Undefined variable: news_s E:\xampp\htdocs\tiemaster\Application\Runtime\Cache\Home\2a94b8bda04ff446dcedd42276fc99ee.php 第 270 行.
NOTIC: [8] Undefined variable: news_x E:\xampp\htdocs\tiemaster\Application\Runtime\Cache\Home\2a94b8bda04ff446dcedd42276fc99ee.php 第 280 行.
NOTIC: [8] Undefined variable: orders E:\xampp\htdocs\tiemaster\Application\Runtime\Cache\Home\2a94b8bda04ff446dcedd42276fc99ee.php 第 302 行.
NOTIC: [8] Undefined variable: orders E:\xampp\htdocs\tiemaster\Application\Runtime\Cache\Home\2a94b8bda04ff446dcedd42276fc99ee.php 第 307 行.
NOTIC: [8] Undefined index: uid E:\xampp\htdocs\tiemaster\Application\Runtime\Cache\Home\2a94b8bda04ff446dcedd42276fc99ee.php 第 353 行.
INFO: Run Behavior\ParseTemplateBehavior [ RunTime:0.136186s ]
INFO: [ view_parse ] --END-- [ RunTime:0.136238s ]
INFO: [ view_filter ] --START--
INFO: Run Behavior\WriteHtmlCacheBehavior [ RunTime:0.000365s ]
INFO: [ view_filter ] --END-- [ RunTime:0.000404s ]
INFO: [ app_end ] --START--
INFO: Run Behavior\ShowPageTraceBehavior [ RunTime:0.001228s ]
INFO: [ app_end ] --END-- [ RunTime:0.001345s ]

[ 2017-01-19T09:04:01+08:00 ] ::1 /tiemaster/index.php?m=&
INFO: [ app_init ] --START--
INFO: Run Behavior\BuildLiteBehavior [ RunTime:0.000012s ]
INFO: [ app_init ] --END-- [ RunTime:0.000292s ]
INFO: [ app_begin ] --START--
INFO: Run Behavior\ReadHtmlCacheBehavior [ RunTime:0.000377s ]
INFO: [ app_begin ] --END-- [ RunTime:0.000431s ]
INFO: [ view_parse ] --START--
INFO: [ template_filter ] --START--
INFO: Run Behavior\ContentReplaceBehavior [ RunTime:0.000125s ]
INFO: [ template_filter ] --END-- [ RunTime:0.000177s ]
NOTIC: [8] Undefined index: uid E:\xampp\htdocs\tiemaster\Application\Runtime\Cache\Home\2a94b8bda04ff446dcedd42276fc99ee.php 第 27 行.
NOTIC: [8] Undefined variable: _info E:\xampp\htdocs\tiemaster\Application\Runtime\Cache\Home\2a94b8bda04ff446dcedd42276fc99ee.php 第 151 行.
NOTIC: [8] Undefined variable: goods E:\xampp\htdocs\tiemaster\Application\Runtime\Cache\Home\2a94b8bda04ff446dcedd42276fc99ee.php 第 191 行.
NOTIC: [8] Undefined variable: goods1 E:\xampp\htdocs\tiemaster\Application\Runtime\Cache\Home\2a94b8bda04ff446dcedd42276fc99ee.php 第 224 行.
NOTIC: [8] Undefined variable: news_s E:\xampp\htdocs\tiemaster\Application\Runtime\Cache\Home\2a94b8bda04ff446dcedd42276fc99ee.php 第 270 行.
NOTIC: [8] Undefined variable: news_x E:\xampp\htdocs\tiemaster\Application\Runtime\Cache\Home\2a94b8bda04ff446dcedd42276fc99ee.php 第 280 行.
NOTIC: [8] Undefined variable: orders E:\xampp\htdocs\tiemaster\Application\Runtime\Cache\Home\2a94b8bda04ff446dcedd42276fc99ee.php 第 302 行.
NOTIC: [8] Undefined variable: orders E:\xampp\htdocs\tiemaster\Application\Runtime\Cache\Home\2a94b8bda04ff446dcedd42276fc99ee.php 第 307 行.
NOTIC: [8] Undefined index: uid E:\xampp\htdocs\tiemaster\Application\Runtime\Cache\Home\2a94b8bda04ff446dcedd42276fc99ee.php 第 353 行.
INFO: Run Behavior\ParseTemplateBehavior [ RunTime:0.129221s ]
INFO: [ view_parse ] --END-- [ RunTime:0.129278s ]
INFO: [ view_filter ] --START--
INFO: Run Behavior\WriteHtmlCacheBehavior [ RunTime:0.000326s ]
INFO: [ view_filter ] --END-- [ RunTime:0.000359s ]
INFO: [ app_end ] --START--
INFO: Run Behavior\ShowPageTraceBehavior [ RunTime:0.001017s ]
INFO: [ app_end ] --END-- [ RunTime:0.001099s ]

