[ 2017-01-20T11:23:46+08:00 ] ::1 /tiemaster/index.php/Ning/index/index.html
INFO: [ app_init ] --START--
INFO: Run Behavior\BuildLiteBehavior [ RunTime:0.000052s ]
INFO: [ app_init ] --END-- [ RunTime:0.000606s ]
INFO: [ app_begin ] --START--
INFO: Run Behavior\ReadHtmlCacheBehavior [ RunTime:0.000518s ]
INFO: [ app_begin ] --END-- [ RunTime:0.000587s ]
INFO: [ view_parse ] --START--
INFO: [ template_filter ] --START--
INFO: Run Behavior\ContentReplaceBehavior [ RunTime:0.000145s ]
INFO: [ template_filter ] --END-- [ RunTime:0.000310s ]
INFO: Run Behavior\ParseTemplateBehavior [ RunTime:0.429390s ]
INFO: [ view_parse ] --END-- [ RunTime:0.429459s ]
INFO: [ view_filter ] --START--
INFO: Run Behavior\WriteHtmlCacheBehavior [ RunTime:0.063343s ]
INFO: [ view_filter ] --END-- [ RunTime:0.063406s ]
INFO: [ app_end ] --START--
INFO: Run Behavior\ShowPageTraceBehavior [ RunTime:0.031911s ]
INFO: [ app_end ] --END-- [ RunTime:0.031969s ]

[ 2017-01-20T11:23:55+08:00 ] ::1 /tiemaster/index.php/Ning/Index/index.html
INFO: [ app_init ] --START--
INFO: Run Behavior\BuildLiteBehavior [ RunTime:0.000013s ]
INFO: [ app_init ] --END-- [ RunTime:0.000318s ]
INFO: [ app_begin ] --START--
INFO: Run Behavior\ReadHtmlCacheBehavior [ RunTime:0.000641s ]
INFO: [ app_begin ] --END-- [ RunTime:0.000726s ]
NOTIC: [8] Undefined index: jurisdiction E:\xampp\htdocs\tiemaster\Application\Ning\Controller\IndexController.class.php 第 31 行.
NOTIC: [8] Undefined index: city E:\xampp\htdocs\tiemaster\Application\Ning\Controller\IndexController.class.php 第 32 行.
NOTIC: [8] Undefined index: COMPUTERNAME E:\xampp\htdocs\tiemaster\Application\Ning\Controller\IndexController.class.php 第 35 行.
INFO: [ app_end ] --START--
INFO: Run Behavior\ShowPageTraceBehavior [ RunTime:0.000626s ]
INFO: [ app_end ] --END-- [ RunTime:0.000677s ]

