[ 2017-01-19T14:25:50+08:00 ] 192.168.1.107 /tiemaster//tiemaster/Upload/images/58802f35a2d22.png
INFO: [ app_init ] --START--
INFO: Run Behavior\BuildLiteBehavior [ RunTime:0.000012s ]
INFO: [ app_init ] --END-- [ RunTime:0.000343s ]
ERR: 无法加载模块:Tiemaster

[ 2017-01-19T14:26:34+08:00 ] 192.168.1.107 /tiemaster//tiemaster/Upload/images/58802f35a2d22.png
INFO: [ app_init ] --START--
INFO: Run Behavior\BuildLiteBehavior [ RunTime:0.000026s ]
INFO: [ app_init ] --END-- [ RunTime:0.000842s ]
ERR: 无法加载模块:Tiemaster

[ 2017-01-19T14:30:08+08:00 ] 192.168.1.107 /tiemaster//tiemaster/Upload/images/58802f35a2d22.png
INFO: [ app_init ] --START--
INFO: Run Behavior\BuildLiteBehavior [ RunTime:0.000026s ]
INFO: [ app_init ] --END-- [ RunTime:0.000808s ]
ERR: 无法加载模块:Tiemaster

[ 2017-01-19T14:32:02+08:00 ] 192.168.1.107 /tiemaster//tiemaster/Upload/images/58802f35a2d22.png
INFO: [ app_init ] --START--
INFO: Run Behavior\BuildLiteBehavior [ RunTime:0.000012s ]
INFO: [ app_init ] --END-- [ RunTime:0.000346s ]
ERR: 无法加载模块:Tiemaster

[ 2017-01-19T14:35:54+08:00 ] 192.168.1.107 /tiemaster//tiemaster/Upload/images/58802f35a2d22.png
INFO: [ app_init ] --START--
INFO: Run Behavior\BuildLiteBehavior [ RunTime:0.000015s ]
INFO: [ app_init ] --END-- [ RunTime:0.000377s ]
ERR: 无法加载模块:Tiemaster

